[2022-09-24T12:40:51.566+0000] {manager.py:483} INFO - Processing files using up to 2 processes at a time 
[2022-09-24T12:40:51.617+0000] {manager.py:484} INFO - Process each file at most once every 30 seconds
[2022-09-24T12:40:51.617+0000] {manager.py:486} INFO - Checking for new files in /opt/airflow/dags every 300 seconds
[2022-09-24T12:40:51.618+0000] {manager.py:724} INFO - Searching for files in /opt/airflow/dags
[2022-09-24T12:40:51.619+0000] {manager.py:727} INFO - There are 1 files in /opt/airflow/dags
[2022-09-24T12:41:00.320+0000] {manager.py:846} INFO - 
================================================================================
DAG File Processing Stats

File Path                       PID  Runtime      # DAGs    # Errors  Last Runtime    Last Run
----------------------------  -----  ---------  --------  ----------  --------------  ----------
/opt/airflow/dags/ELT_dag.py     46  7.16s             0           0
================================================================================
[2022-09-24T12:41:33.990+0000] {manager.py:846} INFO - 
================================================================================
DAG File Processing Stats

File Path                       PID  Runtime      # DAGs    # Errors  Last Runtime    Last Run
----------------------------  -----  ---------  --------  ----------  --------------  ----------
/opt/airflow/dags/ELT_dag.py     46  41.68s            0           0
================================================================================
[2022-09-24T12:42:04.112+0000] {manager.py:846} INFO - 
================================================================================
DAG File Processing Stats

File Path                     PID    Runtime      # DAGs    # Errors  Last Runtime    Last Run
----------------------------  -----  ---------  --------  ----------  --------------  -------------------
/opt/airflow/dags/ELT_dag.py                           0           1  43.57s          2022-09-24T12:41:35
================================================================================
[2022-09-24T12:42:34.291+0000] {manager.py:846} INFO - 
================================================================================
DAG File Processing Stats

File Path                       PID  Runtime      # DAGs    # Errors  Last Runtime    Last Run
----------------------------  -----  ---------  --------  ----------  --------------  -------------------
/opt/airflow/dags/ELT_dag.py     56  27.69s            0           1  43.57s          2022-09-24T12:41:35
================================================================================
[2022-09-24T12:42:57.391+0000] {manager.py:1137} ERROR - Processor for /opt/airflow/dags/ELT_dag.py with PID 56 started at 2022-09-24T12:42:06.601990+00:00 has timed out, killing it.
[2022-09-24T12:43:44.725+0000] {manager.py:846} INFO - 
================================================================================
DAG File Processing Stats

File Path                       PID  Runtime      # DAGs    # Errors  Last Runtime    Last Run
----------------------------  -----  ---------  --------  ----------  --------------  -------------------
/opt/airflow/dags/ELT_dag.py     58  0.01s             0           1  43.57s          2022-09-24T12:41:35
================================================================================
[2022-09-24T12:44:14.778+0000] {manager.py:846} INFO - 
================================================================================
DAG File Processing Stats

File Path                     PID    Runtime      # DAGs    # Errors  Last Runtime    Last Run
----------------------------  -----  ---------  --------  ----------  --------------  -------------------
/opt/airflow/dags/ELT_dag.py                           1           0  28.05s          2022-09-24T12:44:12
================================================================================
[2022-09-24T12:44:46.285+0000] {manager.py:846} INFO - 
================================================================================
DAG File Processing Stats

File Path                       PID  Runtime      # DAGs    # Errors  Last Runtime    Last Run
----------------------------  -----  ---------  --------  ----------  --------------  -------------------
/opt/airflow/dags/ELT_dag.py     60  3.37s             1           0  28.05s          2022-09-24T12:44:12
================================================================================
[2022-09-24T12:45:16.602+0000] {manager.py:846} INFO - 
================================================================================
DAG File Processing Stats

File Path                       PID  Runtime      # DAGs    # Errors  Last Runtime    Last Run
----------------------------  -----  ---------  --------  ----------  --------------  -------------------
/opt/airflow/dags/ELT_dag.py     60  33.69s            1           0  28.05s          2022-09-24T12:44:12
================================================================================
[2022-09-24T12:45:34.841+0000] {manager.py:1137} ERROR - Processor for /opt/airflow/dags/ELT_dag.py with PID 60 started at 2022-09-24T12:44:42.910252+00:00 has timed out, killing it.
[2022-09-24T12:45:47.413+0000] {manager.py:846} INFO - 
================================================================================
DAG File Processing Stats

File Path                       PID  Runtime      # DAGs    # Errors  Last Runtime    Last Run
----------------------------  -----  ---------  --------  ----------  --------------  -------------------
/opt/airflow/dags/ELT_dag.py     62  11.69s            1           0  28.05s          2022-09-24T12:44:12
================================================================================
[2022-09-24T12:45:52.453+0000] {manager.py:724} INFO - Searching for files in /opt/airflow/dags
[2022-09-24T12:45:52.460+0000] {manager.py:727} INFO - There are 1 files in /opt/airflow/dags
[2022-09-24T12:46:17.770+0000] {manager.py:846} INFO - 
================================================================================
DAG File Processing Stats

File Path                       PID  Runtime      # DAGs    # Errors  Last Runtime    Last Run
----------------------------  -----  ---------  --------  ----------  --------------  -------------------
/opt/airflow/dags/ELT_dag.py     62  42.04s            1           0  28.05s          2022-09-24T12:44:12
================================================================================
[2022-09-24T12:46:25.861+0000] {manager.py:1137} ERROR - Processor for /opt/airflow/dags/ELT_dag.py with PID 62 started at 2022-09-24T12:45:35.727750+00:00 has timed out, killing it.
[2022-09-24T12:46:48.079+0000] {manager.py:846} INFO - 
================================================================================
DAG File Processing Stats

File Path                       PID  Runtime      # DAGs    # Errors  Last Runtime    Last Run
----------------------------  -----  ---------  --------  ----------  --------------  -------------------
/opt/airflow/dags/ELT_dag.py     64  22.20s            1           0  28.05s          2022-09-24T12:44:12
================================================================================
[2022-09-24T12:47:16.334+0000] {manager.py:1137} ERROR - Processor for /opt/airflow/dags/ELT_dag.py with PID 64 started at 2022-09-24T12:46:25.878809+00:00 has timed out, killing it.
[2022-09-24T12:47:18.376+0000] {manager.py:846} INFO - 
================================================================================
DAG File Processing Stats

File Path                       PID  Runtime      # DAGs    # Errors  Last Runtime    Last Run
----------------------------  -----  ---------  --------  ----------  --------------  -------------------
/opt/airflow/dags/ELT_dag.py     66  2.02s             1           0  28.05s          2022-09-24T12:44:12
================================================================================
[2022-09-24T12:47:49.660+0000] {manager.py:846} INFO - 
================================================================================
DAG File Processing Stats

File Path                       PID  Runtime      # DAGs    # Errors  Last Runtime    Last Run
----------------------------  -----  ---------  --------  ----------  --------------  -------------------
/opt/airflow/dags/ELT_dag.py     66  33.30s            1           0  28.05s          2022-09-24T12:44:12
================================================================================
[2022-09-24T12:48:07.221+0000] {manager.py:1137} ERROR - Processor for /opt/airflow/dags/ELT_dag.py with PID 66 started at 2022-09-24T12:47:16.358790+00:00 has timed out, killing it.
[2022-09-24T12:48:19.381+0000] {manager.py:846} INFO - 
================================================================================
DAG File Processing Stats

File Path                       PID  Runtime      # DAGs    # Errors  Last Runtime    Last Run
----------------------------  -----  ---------  --------  ----------  --------------  -------------------
/opt/airflow/dags/ELT_dag.py     68  12.13s            1           0  28.05s          2022-09-24T12:44:12
================================================================================
[2022-09-24T12:48:49.757+0000] {manager.py:846} INFO - 
================================================================================
DAG File Processing Stats

File Path                       PID  Runtime      # DAGs    # Errors  Last Runtime    Last Run
----------------------------  -----  ---------  --------  ----------  --------------  -------------------
/opt/airflow/dags/ELT_dag.py     68  42.51s            1           0  28.05s          2022-09-24T12:44:12
================================================================================
[2022-09-24T12:48:57.880+0000] {manager.py:1137} ERROR - Processor for /opt/airflow/dags/ELT_dag.py with PID 68 started at 2022-09-24T12:48:07.248415+00:00 has timed out, killing it.
[2022-09-24T12:49:20.154+0000] {manager.py:846} INFO - 
================================================================================
DAG File Processing Stats

File Path                       PID  Runtime      # DAGs    # Errors  Last Runtime    Last Run
----------------------------  -----  ---------  --------  ----------  --------------  -------------------
/opt/airflow/dags/ELT_dag.py     70  22.25s            1           0  28.05s          2022-09-24T12:44:12
================================================================================
[2022-09-24T12:49:50.948+0000] {manager.py:846} INFO - 
================================================================================
DAG File Processing Stats

File Path                     PID    Runtime      # DAGs    # Errors  Last Runtime    Last Run
----------------------------  -----  ---------  --------  ----------  --------------  -------------------
/opt/airflow/dags/ELT_dag.py                           1           0  32.46s          2022-09-24T12:49:30
================================================================================
[2022-09-24T12:50:22.161+0000] {manager.py:846} INFO - 
================================================================================
DAG File Processing Stats

File Path                       PID  Runtime      # DAGs    # Errors  Last Runtime    Last Run
----------------------------  -----  ---------  --------  ----------  --------------  -------------------
/opt/airflow/dags/ELT_dag.py     72  16.98s            1           0  32.46s          2022-09-24T12:49:30
================================================================================
[2022-09-24T12:50:55.245+0000] {manager.py:724} INFO - Searching for files in /opt/airflow/dags
[2022-09-24T12:50:55.247+0000] {manager.py:727} INFO - There are 1 files in /opt/airflow/dags
[2022-09-24T12:50:55.257+0000] {manager.py:846} INFO - 
================================================================================
DAG File Processing Stats

File Path                     PID    Runtime      # DAGs    # Errors  Last Runtime    Last Run
----------------------------  -----  ---------  --------  ----------  --------------  -------------------
/opt/airflow/dags/ELT_dag.py                           1           0  41.06s          2022-09-24T12:50:46
================================================================================
[2022-09-24T12:51:26.477+0000] {manager.py:846} INFO - 
================================================================================
DAG File Processing Stats

File Path                       PID  Runtime      # DAGs    # Errors  Last Runtime    Last Run
----------------------------  -----  ---------  --------  ----------  --------------  -------------------
/opt/airflow/dags/ELT_dag.py     74  0.00s             1           0  41.06s          2022-09-24T12:50:46
================================================================================
[2022-09-24T12:51:56.964+0000] {manager.py:846} INFO - 
================================================================================
DAG File Processing Stats

File Path                     PID    Runtime      # DAGs    # Errors  Last Runtime    Last Run
----------------------------  -----  ---------  --------  ----------  --------------  -------------------
/opt/airflow/dags/ELT_dag.py                           1           0  9.07s           2022-09-24T12:51:35
================================================================================
[2022-09-24T12:52:27.441+0000] {manager.py:846} INFO - 
================================================================================
DAG File Processing Stats

File Path                       PID  Runtime      # DAGs    # Errors  Last Runtime    Last Run
----------------------------  -----  ---------  --------  ----------  --------------  -------------------
/opt/airflow/dags/ELT_dag.py     76  21.33s            1           0  9.07s           2022-09-24T12:51:35
================================================================================
[2022-09-24T12:52:57.655+0000] {manager.py:846} INFO - 
================================================================================
DAG File Processing Stats

File Path                     PID    Runtime      # DAGs    # Errors  Last Runtime    Last Run
----------------------------  -----  ---------  --------  ----------  --------------  -------------------
/opt/airflow/dags/ELT_dag.py                           1           0  23.32s          2022-09-24T12:52:29
================================================================================
[2022-09-24T12:53:28.732+0000] {manager.py:846} INFO - 
================================================================================
DAG File Processing Stats

File Path                     PID    Runtime      # DAGs    # Errors  Last Runtime    Last Run
----------------------------  -----  ---------  --------  ----------  --------------  -------------------
/opt/airflow/dags/ELT_dag.py                           1           0  4.54s           2022-09-24T12:53:04
================================================================================
[2022-09-24T12:53:59.546+0000] {manager.py:846} INFO - 
================================================================================
DAG File Processing Stats

File Path                       PID  Runtime      # DAGs    # Errors  Last Runtime    Last Run
----------------------------  -----  ---------  --------  ----------  --------------  -------------------
/opt/airflow/dags/ELT_dag.py    117  24.44s            1           0  4.54s           2022-09-24T12:53:04
================================================================================
[2022-09-24T12:54:25.814+0000] {manager.py:1137} ERROR - Processor for /opt/airflow/dags/ELT_dag.py with PID 117 started at 2022-09-24T12:53:35.102041+00:00 has timed out, killing it.
[2022-09-24T12:54:29.890+0000] {manager.py:846} INFO - 
================================================================================
DAG File Processing Stats

File Path                       PID  Runtime      # DAGs    # Errors  Last Runtime    Last Run
----------------------------  -----  ---------  --------  ----------  --------------  -------------------
/opt/airflow/dags/ELT_dag.py    128  4.05s             1           0  4.54s           2022-09-24T12:53:04
================================================================================
[2022-09-24T12:55:00.179+0000] {manager.py:846} INFO - 
================================================================================
DAG File Processing Stats

File Path                       PID  Runtime      # DAGs    # Errors  Last Runtime    Last Run
----------------------------  -----  ---------  --------  ----------  --------------  -------------------
/opt/airflow/dags/ELT_dag.py    128  34.34s            1           0  4.54s           2022-09-24T12:53:04
================================================================================
[2022-09-24T12:55:16.364+0000] {manager.py:1137} ERROR - Processor for /opt/airflow/dags/ELT_dag.py with PID 128 started at 2022-09-24T12:54:25.836240+00:00 has timed out, killing it.
[2022-09-24T12:55:30.589+0000] {manager.py:846} INFO - 
================================================================================
DAG File Processing Stats

File Path                       PID  Runtime      # DAGs    # Errors  Last Runtime    Last Run
----------------------------  -----  ---------  --------  ----------  --------------  -------------------
/opt/airflow/dags/ELT_dag.py    130  14.20s            1           0  4.54s           2022-09-24T12:53:04
================================================================================
[2022-09-24T13:28:45.557+0000] {manager.py:483} INFO - Processing files using up to 2 processes at a time 
[2022-09-24T13:28:46.157+0000] {manager.py:484} INFO - Process each file at most once every 30 seconds
[2022-09-24T13:28:46.158+0000] {manager.py:486} INFO - Checking for new files in /opt/airflow/dags every 300 seconds
[2022-09-24T13:28:46.158+0000] {manager.py:724} INFO - Searching for files in /opt/airflow/dags
[2022-09-24T13:28:46.199+0000] {manager.py:727} INFO - There are 1 files in /opt/airflow/dags
[2022-09-24T13:28:46.632+0000] {manager.py:846} INFO - 
================================================================================
DAG File Processing Stats

File Path                       PID  Runtime      # DAGs    # Errors  Last Runtime    Last Run
----------------------------  -----  ---------  --------  ----------  --------------  ----------
/opt/airflow/dags/ELT_dag.py     81  0.03s             0           0
================================================================================
[2022-09-24T13:29:16.754+0000] {manager.py:846} INFO - 
================================================================================
DAG File Processing Stats

File Path                       PID  Runtime      # DAGs    # Errors  Last Runtime    Last Run
----------------------------  -----  ---------  --------  ----------  --------------  ----------
/opt/airflow/dags/ELT_dag.py     81  30.16s            0           0
================================================================================
[2022-09-24T13:29:46.877+0000] {manager.py:520} INFO - DAG ELT_DAG is missing and will be deactivated.
[2022-09-24T13:29:46.886+0000] {manager.py:530} INFO - Deactivated 1 DAGs which are no longer present in file.
[2022-09-24T13:29:46.940+0000] {manager.py:534} INFO - Deleted DAG ELT_DAG in serialized_dag table
[2022-09-24T13:29:46.945+0000] {manager.py:846} INFO - 
================================================================================
DAG File Processing Stats

File Path                     PID    Runtime      # DAGs    # Errors  Last Runtime    Last Run
----------------------------  -----  ---------  --------  ----------  --------------  -------------------
/opt/airflow/dags/ELT_dag.py                           0           1  30.87s          2022-09-24T13:29:17
================================================================================
[2022-09-24T13:30:17.071+0000] {manager.py:846} INFO - 
================================================================================
DAG File Processing Stats

File Path                     PID    Runtime      # DAGs    # Errors  Last Runtime    Last Run
----------------------------  -----  ---------  --------  ----------  --------------  -------------------
/opt/airflow/dags/ELT_dag.py                           1           0  5.00s           2022-09-24T13:29:52
================================================================================
[2022-09-24T13:30:47.641+0000] {manager.py:846} INFO - 
================================================================================
DAG File Processing Stats

File Path                     PID    Runtime      # DAGs    # Errors  Last Runtime    Last Run
----------------------------  -----  ---------  --------  ----------  --------------  -------------------
/opt/airflow/dags/ELT_dag.py                           1           0  1.10s           2022-09-24T13:30:23
================================================================================
[2022-09-24T13:31:17.866+0000] {manager.py:846} INFO - 
================================================================================
DAG File Processing Stats

File Path                     PID    Runtime      # DAGs    # Errors  Last Runtime    Last Run
----------------------------  -----  ---------  --------  ----------  --------------  -------------------
/opt/airflow/dags/ELT_dag.py                           1           0  13.10s          2022-09-24T13:31:07
================================================================================
[2022-09-24T13:31:48.033+0000] {manager.py:846} INFO - 
================================================================================
DAG File Processing Stats

File Path                       PID  Runtime      # DAGs    # Errors  Last Runtime    Last Run
----------------------------  -----  ---------  --------  ----------  --------------  -------------------
/opt/airflow/dags/ELT_dag.py    178  9.71s             1           0  13.10s          2022-09-24T13:31:07
================================================================================
[2022-09-24T13:32:19.209+0000] {manager.py:846} INFO - 
================================================================================
DAG File Processing Stats

File Path                     PID    Runtime      # DAGs    # Errors  Last Runtime    Last Run
----------------------------  -----  ---------  --------  ----------  --------------  -------------------
/opt/airflow/dags/ELT_dag.py                           1           0  20.79s          2022-09-24T13:31:59
================================================================================
[2022-09-24T13:32:49.680+0000] {manager.py:846} INFO - 
================================================================================
DAG File Processing Stats

File Path                     PID    Runtime      # DAGs    # Errors  Last Runtime    Last Run
----------------------------  -----  ---------  --------  ----------  --------------  -------------------
/opt/airflow/dags/ELT_dag.py                           1           0  1.76s           2022-09-24T13:32:31
================================================================================
[2022-09-24T13:33:20.235+0000] {manager.py:846} INFO - 
================================================================================
DAG File Processing Stats

File Path                     PID    Runtime      # DAGs    # Errors  Last Runtime    Last Run
----------------------------  -----  ---------  --------  ----------  --------------  -------------------
/opt/airflow/dags/ELT_dag.py                           1           0  1.06s           2022-09-24T13:33:02
================================================================================
[2022-09-24T13:33:46.384+0000] {manager.py:724} INFO - Searching for files in /opt/airflow/dags
[2022-09-24T13:33:46.387+0000] {manager.py:727} INFO - There are 1 files in /opt/airflow/dags
[2022-09-24T13:33:50.417+0000] {manager.py:846} INFO - 
================================================================================
DAG File Processing Stats

File Path                     PID    Runtime      # DAGs    # Errors  Last Runtime    Last Run
----------------------------  -----  ---------  --------  ----------  --------------  -------------------
/opt/airflow/dags/ELT_dag.py                           1           0  1.70s           2022-09-24T13:33:33
================================================================================
[2022-09-24T13:34:21.214+0000] {manager.py:846} INFO - 
================================================================================
DAG File Processing Stats

File Path                     PID    Runtime      # DAGs    # Errors  Last Runtime    Last Run
----------------------------  -----  ---------  --------  ----------  --------------  -------------------
/opt/airflow/dags/ELT_dag.py                           1           0  1.23s           2022-09-24T13:34:05
================================================================================
[2022-09-24T13:34:51.362+0000] {manager.py:846} INFO - 
================================================================================
DAG File Processing Stats

File Path                     PID    Runtime      # DAGs    # Errors  Last Runtime    Last Run
----------------------------  -----  ---------  --------  ----------  --------------  -------------------
/opt/airflow/dags/ELT_dag.py                           1           0  0.82s           2022-09-24T13:34:36
================================================================================
[2022-09-24T13:35:21.509+0000] {manager.py:846} INFO - 
================================================================================
DAG File Processing Stats

File Path                     PID    Runtime      # DAGs    # Errors  Last Runtime    Last Run
----------------------------  -----  ---------  --------  ----------  --------------  -------------------
/opt/airflow/dags/ELT_dag.py                           1           0  1.03s           2022-09-24T13:35:07
================================================================================
[2022-09-24T13:35:51.673+0000] {manager.py:846} INFO - 
================================================================================
DAG File Processing Stats

File Path                     PID    Runtime      # DAGs    # Errors  Last Runtime    Last Run
----------------------------  -----  ---------  --------  ----------  --------------  -------------------
/opt/airflow/dags/ELT_dag.py                           1           0  1.06s           2022-09-24T13:35:38
================================================================================
[2022-09-24T13:36:21.814+0000] {manager.py:846} INFO - 
================================================================================
DAG File Processing Stats

File Path                     PID    Runtime      # DAGs    # Errors  Last Runtime    Last Run
----------------------------  -----  ---------  --------  ----------  --------------  -------------------
/opt/airflow/dags/ELT_dag.py                           1           0  0.68s           2022-09-24T13:36:09
================================================================================
[2022-09-24T13:36:51.951+0000] {manager.py:846} INFO - 
================================================================================
DAG File Processing Stats

File Path                     PID    Runtime      # DAGs    # Errors  Last Runtime    Last Run
----------------------------  -----  ---------  --------  ----------  --------------  -------------------
/opt/airflow/dags/ELT_dag.py                           1           0  0.68s           2022-09-24T13:36:40
================================================================================
[2022-09-24T13:37:22.090+0000] {manager.py:846} INFO - 
================================================================================
DAG File Processing Stats

File Path                     PID    Runtime      # DAGs    # Errors  Last Runtime    Last Run
----------------------------  -----  ---------  --------  ----------  --------------  -------------------
/opt/airflow/dags/ELT_dag.py                           1           0  0.76s           2022-09-24T13:37:11
================================================================================
[2022-09-24T13:37:52.236+0000] {manager.py:846} INFO - 
================================================================================
DAG File Processing Stats

File Path                     PID    Runtime      # DAGs    # Errors  Last Runtime    Last Run
----------------------------  -----  ---------  --------  ----------  --------------  -------------------
/opt/airflow/dags/ELT_dag.py                           1           0  1.02s           2022-09-24T13:37:42
================================================================================
[2022-09-24T13:38:22.389+0000] {manager.py:846} INFO - 
================================================================================
DAG File Processing Stats

File Path                     PID    Runtime      # DAGs    # Errors  Last Runtime    Last Run
----------------------------  -----  ---------  --------  ----------  --------------  -------------------
/opt/airflow/dags/ELT_dag.py                           1           0  0.62s           2022-09-24T13:38:12
================================================================================
[2022-09-24T13:38:46.499+0000] {manager.py:724} INFO - Searching for files in /opt/airflow/dags
[2022-09-24T13:38:46.501+0000] {manager.py:727} INFO - There are 1 files in /opt/airflow/dags
[2022-09-24T13:38:52.538+0000] {manager.py:846} INFO - 
================================================================================
DAG File Processing Stats

File Path                     PID    Runtime      # DAGs    # Errors  Last Runtime    Last Run
----------------------------  -----  ---------  --------  ----------  --------------  -------------------
/opt/airflow/dags/ELT_dag.py                           1           0  1.80s           2022-09-24T13:38:44
================================================================================
[2022-09-24T13:39:23.064+0000] {manager.py:846} INFO - 
================================================================================
DAG File Processing Stats

File Path                     PID    Runtime      # DAGs    # Errors  Last Runtime    Last Run
----------------------------  -----  ---------  --------  ----------  --------------  -------------------
/opt/airflow/dags/ELT_dag.py                           1           0  1.23s           2022-09-24T13:39:16
================================================================================
[2022-09-24T13:39:53.156+0000] {manager.py:846} INFO - 
================================================================================
DAG File Processing Stats

File Path                     PID    Runtime      # DAGs    # Errors  Last Runtime    Last Run
----------------------------  -----  ---------  --------  ----------  --------------  -------------------
/opt/airflow/dags/ELT_dag.py                           1           0  1.75s           2022-09-24T13:39:48
================================================================================
[2022-09-24T13:40:23.547+0000] {manager.py:846} INFO - 
================================================================================
DAG File Processing Stats

File Path                     PID    Runtime      # DAGs    # Errors  Last Runtime    Last Run
----------------------------  -----  ---------  --------  ----------  --------------  -------------------
/opt/airflow/dags/ELT_dag.py                           1           0  0.76s           2022-09-24T13:40:19
================================================================================
[2022-09-24T13:40:53.678+0000] {manager.py:846} INFO - 
================================================================================
DAG File Processing Stats

File Path                     PID    Runtime      # DAGs    # Errors  Last Runtime    Last Run
----------------------------  -----  ---------  --------  ----------  --------------  -------------------
/opt/airflow/dags/ELT_dag.py                           1           0  0.68s           2022-09-24T13:40:49
================================================================================
[2022-09-24T13:41:23.979+0000] {manager.py:846} INFO - 
================================================================================
DAG File Processing Stats

File Path                     PID    Runtime      # DAGs    # Errors  Last Runtime    Last Run
----------------------------  -----  ---------  --------  ----------  --------------  -------------------
/opt/airflow/dags/ELT_dag.py                           1           0  0.89s           2022-09-24T13:41:20
================================================================================
[2022-09-24T13:41:53.996+0000] {manager.py:846} INFO - 
================================================================================
DAG File Processing Stats

File Path                     PID    Runtime      # DAGs    # Errors  Last Runtime    Last Run
----------------------------  -----  ---------  --------  ----------  --------------  -------------------
/opt/airflow/dags/ELT_dag.py                           1           0  0.87s           2022-09-24T13:41:51
================================================================================
[2022-09-24T13:42:24.334+0000] {manager.py:846} INFO - 
================================================================================
DAG File Processing Stats

File Path                     PID    Runtime      # DAGs    # Errors  Last Runtime    Last Run
----------------------------  -----  ---------  --------  ----------  --------------  -------------------
/opt/airflow/dags/ELT_dag.py                           1           0  0.82s           2022-09-24T13:42:22
================================================================================
[2022-09-24T13:42:55.095+0000] {manager.py:846} INFO - 
================================================================================
DAG File Processing Stats

File Path                     PID    Runtime      # DAGs    # Errors  Last Runtime    Last Run
----------------------------  -----  ---------  --------  ----------  --------------  -------------------
/opt/airflow/dags/ELT_dag.py                           1           0  1.13s           2022-09-24T13:42:54
================================================================================
[2022-09-24T13:43:25.159+0000] {manager.py:846} INFO - 
================================================================================
DAG File Processing Stats

File Path                     PID    Runtime      # DAGs    # Errors  Last Runtime    Last Run
----------------------------  -----  ---------  --------  ----------  --------------  -------------------
/opt/airflow/dags/ELT_dag.py                           1           0  0.92s           2022-09-24T13:43:25
================================================================================
[2022-09-24T13:43:47.260+0000] {manager.py:724} INFO - Searching for files in /opt/airflow/dags
[2022-09-24T13:43:47.263+0000] {manager.py:727} INFO - There are 1 files in /opt/airflow/dags
[2022-09-24T13:43:55.326+0000] {manager.py:846} INFO - 
================================================================================
DAG File Processing Stats

File Path                       PID  Runtime      # DAGs    # Errors  Last Runtime    Last Run
----------------------------  -----  ---------  --------  ----------  --------------  -------------------
/opt/airflow/dags/ELT_dag.py    688  0.00s             1           0  0.92s           2022-09-24T13:43:25
================================================================================
[2022-09-24T13:44:25.607+0000] {manager.py:846} INFO - 
================================================================================
DAG File Processing Stats

File Path                     PID    Runtime      # DAGs    # Errors  Last Runtime    Last Run
----------------------------  -----  ---------  --------  ----------  --------------  -------------------
/opt/airflow/dags/ELT_dag.py                           1           0  1.33s           2022-09-24T13:43:56
================================================================================
[2022-09-24T13:44:55.899+0000] {manager.py:846} INFO - 
================================================================================
DAG File Processing Stats

File Path                     PID    Runtime      # DAGs    # Errors  Last Runtime    Last Run
----------------------------  -----  ---------  --------  ----------  --------------  -------------------
/opt/airflow/dags/ELT_dag.py                           1           0  1.45s           2022-09-24T13:44:28
================================================================================
[2022-09-24T13:45:26.036+0000] {manager.py:846} INFO - 
================================================================================
DAG File Processing Stats

File Path                     PID    Runtime      # DAGs    # Errors  Last Runtime    Last Run
----------------------------  -----  ---------  --------  ----------  --------------  -------------------
/opt/airflow/dags/ELT_dag.py                           1           0  1.81s           2022-09-24T13:45:00
================================================================================
[2022-09-24T13:45:56.179+0000] {manager.py:846} INFO - 
================================================================================
DAG File Processing Stats

File Path                     PID    Runtime      # DAGs    # Errors  Last Runtime    Last Run
----------------------------  -----  ---------  --------  ----------  --------------  -------------------
/opt/airflow/dags/ELT_dag.py                           1           0  0.90s           2022-09-24T13:45:31
================================================================================
[2022-09-24T13:46:26.405+0000] {manager.py:846} INFO - 
================================================================================
DAG File Processing Stats

File Path                     PID    Runtime      # DAGs    # Errors  Last Runtime    Last Run
----------------------------  -----  ---------  --------  ----------  --------------  -------------------
/opt/airflow/dags/ELT_dag.py                           1           0  1.22s           2022-09-24T13:46:02
================================================================================
[2022-09-24T13:46:56.667+0000] {manager.py:846} INFO - 
================================================================================
DAG File Processing Stats

File Path                     PID    Runtime      # DAGs    # Errors  Last Runtime    Last Run
----------------------------  -----  ---------  --------  ----------  --------------  -------------------
/opt/airflow/dags/ELT_dag.py                           1           0  1.54s           2022-09-24T13:46:33
================================================================================
[2022-09-24T13:47:27.519+0000] {manager.py:846} INFO - 
================================================================================
DAG File Processing Stats

File Path                     PID    Runtime      # DAGs    # Errors  Last Runtime    Last Run
----------------------------  -----  ---------  --------  ----------  --------------  -------------------
/opt/airflow/dags/ELT_dag.py                           1           0  1.22s           2022-09-24T13:47:05
================================================================================
[2022-09-24T13:47:57.670+0000] {manager.py:846} INFO - 
================================================================================
DAG File Processing Stats

File Path                     PID    Runtime      # DAGs    # Errors  Last Runtime    Last Run
----------------------------  -----  ---------  --------  ----------  --------------  -------------------
/opt/airflow/dags/ELT_dag.py                           1           0  1.59s           2022-09-24T13:47:37
================================================================================
[2022-09-24T13:48:27.811+0000] {manager.py:846} INFO - 
================================================================================
DAG File Processing Stats

File Path                     PID    Runtime      # DAGs    # Errors  Last Runtime    Last Run
----------------------------  -----  ---------  --------  ----------  --------------  -------------------
/opt/airflow/dags/ELT_dag.py                           1           0  2.20s           2022-09-24T13:48:09
================================================================================
[2022-09-24T13:48:47.898+0000] {manager.py:724} INFO - Searching for files in /opt/airflow/dags
[2022-09-24T13:48:47.899+0000] {manager.py:727} INFO - There are 1 files in /opt/airflow/dags
[2022-09-24T13:48:57.955+0000] {manager.py:846} INFO - 
================================================================================
DAG File Processing Stats

File Path                     PID    Runtime      # DAGs    # Errors  Last Runtime    Last Run
----------------------------  -----  ---------  --------  ----------  --------------  -------------------
/opt/airflow/dags/ELT_dag.py                           1           0  1.61s           2022-09-24T13:48:41
================================================================================
[2022-09-24T13:49:30.180+0000] {manager.py:846} INFO - 
================================================================================
DAG File Processing Stats

File Path                     PID    Runtime      # DAGs    # Errors  Last Runtime    Last Run
----------------------------  -----  ---------  --------  ----------  --------------  -------------------
/opt/airflow/dags/ELT_dag.py                           1           0  0.64s           2022-09-24T13:49:11
================================================================================
[2022-09-24T13:50:00.454+0000] {manager.py:846} INFO - 
================================================================================
DAG File Processing Stats

File Path                     PID    Runtime      # DAGs    # Errors  Last Runtime    Last Run
----------------------------  -----  ---------  --------  ----------  --------------  -------------------
/opt/airflow/dags/ELT_dag.py                           1           0  7.19s           2022-09-24T13:49:49
================================================================================
[2022-09-24T13:50:31.026+0000] {manager.py:846} INFO - 
================================================================================
DAG File Processing Stats

File Path                     PID    Runtime      # DAGs    # Errors  Last Runtime    Last Run
----------------------------  -----  ---------  --------  ----------  --------------  -------------------
/opt/airflow/dags/ELT_dag.py                           1           0  0.76s           2022-09-24T13:50:20
================================================================================
[2022-09-24T13:51:01.484+0000] {manager.py:846} INFO - 
================================================================================
DAG File Processing Stats

File Path                     PID    Runtime      # DAGs    # Errors  Last Runtime    Last Run
----------------------------  -----  ---------  --------  ----------  --------------  -------------------
/opt/airflow/dags/ELT_dag.py                           1           0  1.26s           2022-09-24T13:50:51
================================================================================
[2022-09-24T13:51:31.791+0000] {manager.py:846} INFO - 
================================================================================
DAG File Processing Stats

File Path                     PID    Runtime      # DAGs    # Errors  Last Runtime    Last Run
----------------------------  -----  ---------  --------  ----------  --------------  -------------------
/opt/airflow/dags/ELT_dag.py                           1           0  1.55s           2022-09-24T13:51:23
================================================================================
[2022-09-24T13:52:02.461+0000] {manager.py:846} INFO - 
================================================================================
DAG File Processing Stats

File Path                     PID    Runtime      # DAGs    # Errors  Last Runtime    Last Run
----------------------------  -----  ---------  --------  ----------  --------------  -------------------
/opt/airflow/dags/ELT_dag.py                           1           0  1.26s           2022-09-24T13:51:54
================================================================================
[2022-09-24T13:52:32.603+0000] {manager.py:846} INFO - 
================================================================================
DAG File Processing Stats

File Path                     PID    Runtime      # DAGs    # Errors  Last Runtime    Last Run
----------------------------  -----  ---------  --------  ----------  --------------  -------------------
/opt/airflow/dags/ELT_dag.py                           1           0  1.00s           2022-09-24T13:52:25
================================================================================
[2022-09-24T13:53:02.963+0000] {manager.py:846} INFO - 
================================================================================
DAG File Processing Stats

File Path                     PID    Runtime      # DAGs    # Errors  Last Runtime    Last Run
----------------------------  -----  ---------  --------  ----------  --------------  -------------------
/opt/airflow/dags/ELT_dag.py                           1           0  1.15s           2022-09-24T13:52:57
================================================================================
[2022-09-24T13:53:33.231+0000] {manager.py:846} INFO - 
================================================================================
DAG File Processing Stats

File Path                     PID    Runtime      # DAGs    # Errors  Last Runtime    Last Run
----------------------------  -----  ---------  --------  ----------  --------------  -------------------
/opt/airflow/dags/ELT_dag.py                           1           0  1.03s           2022-09-24T13:53:28
================================================================================
[2022-09-24T13:53:48.302+0000] {manager.py:724} INFO - Searching for files in /opt/airflow/dags
[2022-09-24T13:53:48.306+0000] {manager.py:727} INFO - There are 1 files in /opt/airflow/dags
[2022-09-24T13:54:03.498+0000] {manager.py:846} INFO - 
================================================================================
DAG File Processing Stats

File Path                     PID    Runtime      # DAGs    # Errors  Last Runtime    Last Run
----------------------------  -----  ---------  --------  ----------  --------------  -------------------
/opt/airflow/dags/ELT_dag.py                           1           0  1.30s           2022-09-24T13:53:59
================================================================================
[2022-09-24T13:54:33.916+0000] {manager.py:846} INFO - 
================================================================================
DAG File Processing Stats

File Path                     PID    Runtime      # DAGs    # Errors  Last Runtime    Last Run
----------------------------  -----  ---------  --------  ----------  --------------  -------------------
/opt/airflow/dags/ELT_dag.py                           1           0  1.36s           2022-09-24T13:54:31
================================================================================
[2022-09-24T13:55:04.409+0000] {manager.py:846} INFO - 
================================================================================
DAG File Processing Stats

File Path                     PID    Runtime      # DAGs    # Errors  Last Runtime    Last Run
----------------------------  -----  ---------  --------  ----------  --------------  -------------------
/opt/airflow/dags/ELT_dag.py                           1           0  1.19s           2022-09-24T13:55:02
================================================================================
[2022-09-24T13:55:34.757+0000] {manager.py:846} INFO - 
================================================================================
DAG File Processing Stats

File Path                     PID    Runtime      # DAGs    # Errors  Last Runtime    Last Run
----------------------------  -----  ---------  --------  ----------  --------------  -------------------
/opt/airflow/dags/ELT_dag.py                           1           0  1.69s           2022-09-24T13:55:34
================================================================================
[2022-09-24T13:56:04.880+0000] {manager.py:846} INFO - 
================================================================================
DAG File Processing Stats

File Path                       PID  Runtime      # DAGs    # Errors  Last Runtime    Last Run
----------------------------  -----  ---------  --------  ----------  --------------  -------------------
/opt/airflow/dags/ELT_dag.py   1169  0.34s             1           0  1.69s           2022-09-24T13:55:34
================================================================================
[2022-09-24T13:56:35.022+0000] {manager.py:846} INFO - 
================================================================================
DAG File Processing Stats

File Path                     PID    Runtime      # DAGs    # Errors  Last Runtime    Last Run
----------------------------  -----  ---------  --------  ----------  --------------  -------------------
/opt/airflow/dags/ELT_dag.py                           1           0  1.48s           2022-09-24T13:56:06
================================================================================
[2022-09-24T13:57:05.146+0000] {manager.py:846} INFO - 
================================================================================
DAG File Processing Stats

File Path                     PID    Runtime      # DAGs    # Errors  Last Runtime    Last Run
----------------------------  -----  ---------  --------  ----------  --------------  -------------------
/opt/airflow/dags/ELT_dag.py                           1           0  0.92s           2022-09-24T13:56:36
================================================================================
[2022-09-24T13:57:35.437+0000] {manager.py:846} INFO - 
================================================================================
DAG File Processing Stats

File Path                     PID    Runtime      # DAGs    # Errors  Last Runtime    Last Run
----------------------------  -----  ---------  --------  ----------  --------------  -------------------
/opt/airflow/dags/ELT_dag.py                           1           0  1.75s           2022-09-24T13:57:08
================================================================================
[2022-09-24T13:58:05.464+0000] {manager.py:846} INFO - 
================================================================================
DAG File Processing Stats

File Path                     PID    Runtime      # DAGs    # Errors  Last Runtime    Last Run
----------------------------  -----  ---------  --------  ----------  --------------  -------------------
/opt/airflow/dags/ELT_dag.py                           1           0  1.27s           2022-09-24T13:57:40
================================================================================
[2022-09-24T13:58:35.624+0000] {manager.py:846} INFO - 
================================================================================
DAG File Processing Stats

File Path                     PID    Runtime      # DAGs    # Errors  Last Runtime    Last Run
----------------------------  -----  ---------  --------  ----------  --------------  -------------------
/opt/airflow/dags/ELT_dag.py                           1           0  1.12s           2022-09-24T13:58:11
================================================================================
[2022-09-24T13:58:48.538+0000] {manager.py:724} INFO - Searching for files in /opt/airflow/dags
[2022-09-24T13:58:48.539+0000] {manager.py:727} INFO - There are 1 files in /opt/airflow/dags
[2022-09-24T13:59:05.626+0000] {manager.py:846} INFO - 
================================================================================
DAG File Processing Stats

File Path                     PID    Runtime      # DAGs    # Errors  Last Runtime    Last Run
----------------------------  -----  ---------  --------  ----------  --------------  -------------------
/opt/airflow/dags/ELT_dag.py                           1           0  0.85s           2022-09-24T13:58:42
================================================================================
[2022-09-24T13:59:36.558+0000] {manager.py:846} INFO - 
================================================================================
DAG File Processing Stats

File Path                     PID    Runtime      # DAGs    # Errors  Last Runtime    Last Run
----------------------------  -----  ---------  --------  ----------  --------------  -------------------
/opt/airflow/dags/ELT_dag.py                           1           0  0.79s           2022-09-24T13:59:13
================================================================================
[2022-09-24T14:00:06.710+0000] {manager.py:846} INFO - 
================================================================================
DAG File Processing Stats

File Path                     PID    Runtime      # DAGs    # Errors  Last Runtime    Last Run
----------------------------  -----  ---------  --------  ----------  --------------  -------------------
/opt/airflow/dags/ELT_dag.py                           1           0  1.30s           2022-09-24T13:59:44
================================================================================
[2022-09-24T14:00:37.338+0000] {manager.py:846} INFO - 
================================================================================
DAG File Processing Stats

File Path                     PID    Runtime      # DAGs    # Errors  Last Runtime    Last Run
----------------------------  -----  ---------  --------  ----------  --------------  -------------------
/opt/airflow/dags/ELT_dag.py                           1           0  1.79s           2022-09-24T14:00:17
================================================================================
[2022-09-24T14:01:06.632+0000] {manager.py:846} INFO - 
================================================================================
DAG File Processing Stats

File Path                     PID    Runtime      # DAGs    # Errors  Last Runtime    Last Run
----------------------------  -----  ---------  --------  ----------  --------------  -------------------
/opt/airflow/dags/ELT_dag.py                           1           0  14.19s          2022-09-24T14:01:01
================================================================================
[2022-09-24T14:01:38.444+0000] {manager.py:846} INFO - 
================================================================================
DAG File Processing Stats

File Path                     PID    Runtime      # DAGs    # Errors  Last Runtime    Last Run
----------------------------  -----  ---------  --------  ----------  --------------  -------------------
/opt/airflow/dags/ELT_dag.py                           1           0  0.84s           2022-09-24T14:01:32
================================================================================
[2022-09-24T14:02:08.734+0000] {manager.py:846} INFO - 
================================================================================
DAG File Processing Stats

File Path                     PID    Runtime      # DAGs    # Errors  Last Runtime    Last Run
----------------------------  -----  ---------  --------  ----------  --------------  -------------------
/opt/airflow/dags/ELT_dag.py                           1           0  0.64s           2022-09-24T14:02:03
================================================================================
[2022-09-24T14:02:39.523+0000] {manager.py:846} INFO - 
================================================================================
DAG File Processing Stats

File Path                     PID    Runtime      # DAGs    # Errors  Last Runtime    Last Run
----------------------------  -----  ---------  --------  ----------  --------------  -------------------
/opt/airflow/dags/ELT_dag.py                           1           0  1.06s           2022-09-24T14:02:34
================================================================================
[2022-09-24T14:03:09.678+0000] {manager.py:846} INFO - 
================================================================================
DAG File Processing Stats

File Path                     PID    Runtime      # DAGs    # Errors  Last Runtime    Last Run
----------------------------  -----  ---------  --------  ----------  --------------  -------------------
/opt/airflow/dags/ELT_dag.py                           1           0  0.80s           2022-09-24T14:03:05
================================================================================
[2022-09-24T14:03:39.801+0000] {manager.py:846} INFO - 
================================================================================
DAG File Processing Stats

File Path                     PID    Runtime      # DAGs    # Errors  Last Runtime    Last Run
----------------------------  -----  ---------  --------  ----------  --------------  -------------------
/opt/airflow/dags/ELT_dag.py                           1           0  0.92s           2022-09-24T14:03:36
================================================================================
[2022-09-24T14:03:48.559+0000] {manager.py:724} INFO - Searching for files in /opt/airflow/dags
[2022-09-24T14:03:48.560+0000] {manager.py:727} INFO - There are 1 files in /opt/airflow/dags
[2022-09-24T14:04:09.808+0000] {manager.py:846} INFO - 
================================================================================
DAG File Processing Stats

File Path                     PID    Runtime      # DAGs    # Errors  Last Runtime    Last Run
----------------------------  -----  ---------  --------  ----------  --------------  -------------------
/opt/airflow/dags/ELT_dag.py                           1           0  1.15s           2022-09-24T14:04:07
================================================================================
[2022-09-24T14:04:39.932+0000] {manager.py:846} INFO - 
================================================================================
DAG File Processing Stats

File Path                     PID    Runtime      # DAGs    # Errors  Last Runtime    Last Run
----------------------------  -----  ---------  --------  ----------  --------------  -------------------
/opt/airflow/dags/ELT_dag.py                           1           0  0.56s           2022-09-24T14:04:38
================================================================================
[2022-09-24T14:05:18.895+0000] {manager.py:846} INFO - 
================================================================================
DAG File Processing Stats

File Path                       PID  Runtime      # DAGs    # Errors  Last Runtime    Last Run
----------------------------  -----  ---------  --------  ----------  --------------  -------------------
/opt/airflow/dags/ELT_dag.py   1538  0.03s             1           0  0.56s           2022-09-24T14:04:38
================================================================================
[2022-09-24T14:05:52.661+0000] {manager.py:846} INFO - 
================================================================================
DAG File Processing Stats

File Path                       PID  Runtime      # DAGs    # Errors  Last Runtime    Last Run
----------------------------  -----  ---------  --------  ----------  --------------  -------------------
/opt/airflow/dags/ELT_dag.py   1538  40.82s            1           0  0.56s           2022-09-24T14:04:38
================================================================================
[2022-09-24T14:06:02.066+0000] {manager.py:1137} ERROR - Processor for /opt/airflow/dags/ELT_dag.py with PID 1538 started at 2022-09-24T14:05:11.843741+00:00 has timed out, killing it.
[2022-09-24T14:06:22.725+0000] {manager.py:846} INFO - 
================================================================================
DAG File Processing Stats

File Path                       PID  Runtime      # DAGs    # Errors  Last Runtime    Last Run
----------------------------  -----  ---------  --------  ----------  --------------  -------------------
/opt/airflow/dags/ELT_dag.py   1539  20.62s            1           0  0.56s           2022-09-24T14:04:38
================================================================================
[2022-09-24T14:06:53.046+0000] {manager.py:846} INFO - 
================================================================================
DAG File Processing Stats

File Path                     PID    Runtime      # DAGs    # Errors  Last Runtime    Last Run
----------------------------  -----  ---------  --------  ----------  --------------  -------------------
/opt/airflow/dags/ELT_dag.py                           1           0  35.39s          2022-09-24T14:06:37
================================================================================
[2022-09-24T14:07:23.617+0000] {manager.py:846} INFO - 
================================================================================
DAG File Processing Stats

File Path                       PID  Runtime      # DAGs    # Errors  Last Runtime    Last Run
----------------------------  -----  ---------  --------  ----------  --------------  -------------------
/opt/airflow/dags/ELT_dag.py   1541  15.83s            1           0  35.39s          2022-09-24T14:06:37
================================================================================
[2022-09-24T14:07:54.057+0000] {manager.py:846} INFO - 
================================================================================
DAG File Processing Stats

File Path                     PID    Runtime      # DAGs    # Errors  Last Runtime    Last Run
----------------------------  -----  ---------  --------  ----------  --------------  -------------------
/opt/airflow/dags/ELT_dag.py                           1           0  40.24s          2022-09-24T14:07:48
================================================================================
[2022-09-24T14:08:58.309+0000] {manager.py:724} INFO - Searching for files in /opt/airflow/dags
[2022-09-24T14:09:03.160+0000] {manager.py:727} INFO - There are 1 files in /opt/airflow/dags
[2022-09-24T14:09:05.610+0000] {manager.py:846} INFO - 
================================================================================
DAG File Processing Stats

File Path                       PID  Runtime      # DAGs    # Errors  Last Runtime    Last Run
----------------------------  -----  ---------  --------  ----------  --------------  -------------------
/opt/airflow/dags/ELT_dag.py   1543  47.36s            1           0  40.24s          2022-09-24T14:07:48
================================================================================
[2022-09-24T14:09:27.935+0000] {manager.py:1137} ERROR - Processor for /opt/airflow/dags/ELT_dag.py with PID 1543 started at 2022-09-24T14:08:18.253264+00:00 has timed out, killing it.
[2022-09-24T14:09:43.952+0000] {manager.py:846} INFO - 
================================================================================
DAG File Processing Stats

File Path                       PID  Runtime      # DAGs    # Errors  Last Runtime    Last Run
----------------------------  -----  ---------  --------  ----------  --------------  -------------------
/opt/airflow/dags/ELT_dag.py   1544  14.83s            1           0  40.24s          2022-09-24T14:07:48
================================================================================
[2022-09-24T14:10:14.498+0000] {manager.py:846} INFO - 
================================================================================
DAG File Processing Stats

File Path                       PID  Runtime      # DAGs    # Errors  Last Runtime    Last Run
----------------------------  -----  ---------  --------  ----------  --------------  -------------------
/opt/airflow/dags/ELT_dag.py   1544  45.38s            1           0  40.24s          2022-09-24T14:07:48
================================================================================
[2022-09-24T14:10:22.777+0000] {manager.py:1137} ERROR - Processor for /opt/airflow/dags/ELT_dag.py with PID 1544 started at 2022-09-24T14:09:29.121750+00:00 has timed out, killing it.
[2022-09-24T14:10:44.596+0000] {manager.py:846} INFO - 
================================================================================
DAG File Processing Stats

File Path                       PID  Runtime      # DAGs    # Errors  Last Runtime    Last Run
----------------------------  -----  ---------  --------  ----------  --------------  -------------------
/opt/airflow/dags/ELT_dag.py   1552  10.55s            1           0  40.24s          2022-09-24T14:07:48
================================================================================
[2022-09-24T14:11:12.991+0000] {manager.py:846} INFO - 
================================================================================
DAG File Processing Stats

File Path                     PID    Runtime      # DAGs    # Errors  Last Runtime    Last Run
----------------------------  -----  ---------  --------  ----------  --------------  -------------------
/opt/airflow/dags/ELT_dag.py                           1           0  36.93s          2022-09-24T14:11:10
================================================================================
[2022-09-24T14:11:46.717+0000] {manager.py:846} INFO - 
================================================================================
DAG File Processing Stats

File Path                       PID  Runtime      # DAGs    # Errors  Last Runtime    Last Run
----------------------------  -----  ---------  --------  ----------  --------------  -------------------
/opt/airflow/dags/ELT_dag.py   1554  5.58s             1           0  36.93s          2022-09-24T14:11:10
================================================================================
[2022-09-24T14:12:17.204+0000] {manager.py:846} INFO - 
================================================================================
DAG File Processing Stats

File Path                       PID  Runtime      # DAGs    # Errors  Last Runtime    Last Run
----------------------------  -----  ---------  --------  ----------  --------------  -------------------
/opt/airflow/dags/ELT_dag.py   1554  36.07s            1           0  36.93s          2022-09-24T14:11:10
================================================================================
[2022-09-24T14:12:38.098+0000] {manager.py:1137} ERROR - Processor for /opt/airflow/dags/ELT_dag.py with PID 1554 started at 2022-09-24T14:11:41.136744+00:00 has timed out, killing it.
[2022-09-24T14:13:09.868+0000] {manager.py:846} INFO - 
================================================================================
DAG File Processing Stats

File Path                       PID  Runtime      # DAGs    # Errors  Last Runtime    Last Run
----------------------------  -----  ---------  --------  ----------  --------------  -------------------
/opt/airflow/dags/ELT_dag.py   1556  31.51s            1           0  36.93s          2022-09-24T14:11:10
================================================================================
[2022-09-24T14:13:40.132+0000] {manager.py:846} INFO - 
================================================================================
DAG File Processing Stats

File Path                     PID    Runtime      # DAGs    # Errors  Last Runtime    Last Run
----------------------------  -----  ---------  --------  ----------  --------------  -------------------
/opt/airflow/dags/ELT_dag.py                           1           0  35.64s          2022-09-24T14:13:13
================================================================================
[2022-09-24T14:13:58.357+0000] {manager.py:724} INFO - Searching for files in /opt/airflow/dags
[2022-09-24T14:13:58.359+0000] {manager.py:727} INFO - There are 1 files in /opt/airflow/dags
[2022-09-24T14:14:10.420+0000] {manager.py:846} INFO - 
================================================================================
DAG File Processing Stats

File Path                     PID    Runtime      # DAGs    # Errors  Last Runtime    Last Run
----------------------------  -----  ---------  --------  ----------  --------------  -------------------
/opt/airflow/dags/ELT_dag.py                           1           0  3.65s           2022-09-24T14:13:47
================================================================================
[2022-09-24T14:14:40.583+0000] {manager.py:846} INFO - 
================================================================================
DAG File Processing Stats

File Path                     PID    Runtime      # DAGs    # Errors  Last Runtime    Last Run
----------------------------  -----  ---------  --------  ----------  --------------  -------------------
/opt/airflow/dags/ELT_dag.py                           1           0  0.72s           2022-09-24T14:14:18
================================================================================
[2022-09-24T14:15:10.665+0000] {manager.py:846} INFO - 
================================================================================
DAG File Processing Stats

File Path                     PID    Runtime      # DAGs    # Errors  Last Runtime    Last Run
----------------------------  -----  ---------  --------  ----------  --------------  -------------------
/opt/airflow/dags/ELT_dag.py                           1           0  0.75s           2022-09-24T14:14:49
================================================================================
[2022-09-24T14:15:40.778+0000] {manager.py:846} INFO - 
================================================================================
DAG File Processing Stats

File Path                     PID    Runtime      # DAGs    # Errors  Last Runtime    Last Run
----------------------------  -----  ---------  --------  ----------  --------------  -------------------
/opt/airflow/dags/ELT_dag.py                           1           0  0.97s           2022-09-24T14:15:20
================================================================================
[2022-09-24T14:16:11.209+0000] {manager.py:846} INFO - 
================================================================================
DAG File Processing Stats

File Path                     PID    Runtime      # DAGs    # Errors  Last Runtime    Last Run
----------------------------  -----  ---------  --------  ----------  --------------  -------------------
/opt/airflow/dags/ELT_dag.py                           1           0  0.57s           2022-09-24T14:15:51
================================================================================
[2022-09-24T14:16:41.660+0000] {manager.py:846} INFO - 
================================================================================
DAG File Processing Stats

File Path                     PID    Runtime      # DAGs    # Errors  Last Runtime    Last Run
----------------------------  -----  ---------  --------  ----------  --------------  -------------------
/opt/airflow/dags/ELT_dag.py                           1           0  2.13s           2022-09-24T14:16:23
================================================================================
[2022-09-24T14:17:11.906+0000] {manager.py:846} INFO - 
================================================================================
DAG File Processing Stats

File Path                     PID    Runtime      # DAGs    # Errors  Last Runtime    Last Run
----------------------------  -----  ---------  --------  ----------  --------------  -------------------
/opt/airflow/dags/ELT_dag.py                           1           0  2.41s           2022-09-24T14:16:56
================================================================================
[2022-09-24T14:17:42.058+0000] {manager.py:846} INFO - 
================================================================================
DAG File Processing Stats

File Path                     PID    Runtime      # DAGs    # Errors  Last Runtime    Last Run
----------------------------  -----  ---------  --------  ----------  --------------  -------------------
/opt/airflow/dags/ELT_dag.py                           1           0  3.92s           2022-09-24T14:17:30
================================================================================
[2022-09-24T14:18:12.391+0000] {manager.py:846} INFO - 
================================================================================
DAG File Processing Stats

File Path                     PID    Runtime      # DAGs    # Errors  Last Runtime    Last Run
----------------------------  -----  ---------  --------  ----------  --------------  -------------------
/opt/airflow/dags/ELT_dag.py                           1           0  6.03s           2022-09-24T14:18:06
================================================================================
[2022-09-24T14:18:43.034+0000] {manager.py:846} INFO - 
================================================================================
DAG File Processing Stats

File Path                     PID    Runtime      # DAGs    # Errors  Last Runtime    Last Run
----------------------------  -----  ---------  --------  ----------  --------------  -------------------
/opt/airflow/dags/ELT_dag.py                           1           0  5.69s           2022-09-24T14:18:42
================================================================================
[2022-09-24T14:18:58.498+0000] {manager.py:724} INFO - Searching for files in /opt/airflow/dags
[2022-09-24T14:18:58.500+0000] {manager.py:727} INFO - There are 1 files in /opt/airflow/dags
[2022-09-24T14:19:13.180+0000] {manager.py:846} INFO - 
================================================================================
DAG File Processing Stats

File Path                       PID  Runtime      # DAGs    # Errors  Last Runtime    Last Run
----------------------------  -----  ---------  --------  ----------  --------------  -------------------
/opt/airflow/dags/ELT_dag.py   1768  0.60s             1           0  5.69s           2022-09-24T14:18:42
================================================================================
[2022-09-24T14:19:43.490+0000] {manager.py:846} INFO - 
================================================================================
DAG File Processing Stats

File Path                     PID    Runtime      # DAGs    # Errors  Last Runtime    Last Run
----------------------------  -----  ---------  --------  ----------  --------------  -------------------
/opt/airflow/dags/ELT_dag.py                           1           0  2.27s           2022-09-24T14:19:14
================================================================================
[2022-09-24T14:20:13.676+0000] {manager.py:846} INFO - 
================================================================================
DAG File Processing Stats

File Path                     PID    Runtime      # DAGs    # Errors  Last Runtime    Last Run
----------------------------  -----  ---------  --------  ----------  --------------  -------------------
/opt/airflow/dags/ELT_dag.py                           1           0  1.10s           2022-09-24T14:19:46
================================================================================
[2022-09-24T14:20:43.885+0000] {manager.py:846} INFO - 
================================================================================
DAG File Processing Stats

File Path                     PID    Runtime      # DAGs    # Errors  Last Runtime    Last Run
----------------------------  -----  ---------  --------  ----------  --------------  -------------------
/opt/airflow/dags/ELT_dag.py                           1           0  2.35s           2022-09-24T14:20:19
================================================================================
[2022-09-24T14:21:14.290+0000] {manager.py:846} INFO - 
================================================================================
DAG File Processing Stats

File Path                     PID    Runtime      # DAGs    # Errors  Last Runtime    Last Run
----------------------------  -----  ---------  --------  ----------  --------------  -------------------
/opt/airflow/dags/ELT_dag.py                           1           0  1.31s           2022-09-24T14:20:50
================================================================================
[2022-09-24T14:21:44.744+0000] {manager.py:846} INFO - 
================================================================================
DAG File Processing Stats

File Path                     PID    Runtime      # DAGs    # Errors  Last Runtime    Last Run
----------------------------  -----  ---------  --------  ----------  --------------  -------------------
/opt/airflow/dags/ELT_dag.py                           1           0  1.21s           2022-09-24T14:21:21
================================================================================
[2022-09-24T14:22:15.075+0000] {manager.py:846} INFO - 
================================================================================
DAG File Processing Stats

File Path                     PID    Runtime      # DAGs    # Errors  Last Runtime    Last Run
----------------------------  -----  ---------  --------  ----------  --------------  -------------------
/opt/airflow/dags/ELT_dag.py                           1           0  1.30s           2022-09-24T14:21:53
================================================================================
[2022-09-24T14:22:45.116+0000] {manager.py:846} INFO - 
================================================================================
DAG File Processing Stats

File Path                     PID    Runtime      # DAGs    # Errors  Last Runtime    Last Run
----------------------------  -----  ---------  --------  ----------  --------------  -------------------
/opt/airflow/dags/ELT_dag.py                           1           0  1.61s           2022-09-24T14:22:25
================================================================================
[2022-09-24T14:23:15.273+0000] {manager.py:846} INFO - 
================================================================================
DAG File Processing Stats

File Path                     PID    Runtime      # DAGs    # Errors  Last Runtime    Last Run
----------------------------  -----  ---------  --------  ----------  --------------  -------------------
/opt/airflow/dags/ELT_dag.py                           1           0  18.24s          2022-09-24T14:23:13
================================================================================
[2022-09-24T14:23:45.280+0000] {manager.py:846} INFO - 
================================================================================
DAG File Processing Stats

File Path                       PID  Runtime      # DAGs    # Errors  Last Runtime    Last Run
----------------------------  -----  ---------  --------  ----------  --------------  -------------------
/opt/airflow/dags/ELT_dag.py   1902  1.22s             1           0  18.24s          2022-09-24T14:23:13
================================================================================
[2022-09-24T14:23:58.557+0000] {manager.py:724} INFO - Searching for files in /opt/airflow/dags
[2022-09-24T14:23:58.558+0000] {manager.py:727} INFO - There are 1 files in /opt/airflow/dags
[2022-09-24T14:24:16.070+0000] {manager.py:846} INFO - 
================================================================================
DAG File Processing Stats

File Path                     PID    Runtime      # DAGs    # Errors  Last Runtime    Last Run
----------------------------  -----  ---------  --------  ----------  --------------  -------------------
/opt/airflow/dags/ELT_dag.py                           1           0  3.44s           2022-09-24T14:23:47
================================================================================
