[2022-09-25T13:06:38.759+0000] {processor.py:156} INFO - Started process (PID=56) to work on /opt/airflow/dags/ELT_dag.py
[2022-09-25T13:06:38.760+0000] {processor.py:758} INFO - Processing file /opt/airflow/dags/ELT_dag.py for tasks to queue
[2022-09-25T13:06:38.760+0000] {logging_mixin.py:117} INFO - [2022-09-25T13:06:38.760+0000] {dagbag.py:525} INFO - Filling up the DagBag from /opt/airflow/dags/ELT_dag.py
[2022-09-25T13:06:51.686+0000] {processor.py:768} INFO - DAG(s) dict_keys(['ELT_dag']) retrieved from /opt/airflow/dags/ELT_dag.py
[2022-09-25T13:06:52.245+0000] {logging_mixin.py:117} INFO - [2022-09-25T13:06:52.245+0000] {dag.py:2573} INFO - Sync 1 DAGs
[2022-09-25T13:06:52.290+0000] {logging_mixin.py:117} INFO - [2022-09-25T13:06:52.290+0000] {dag.py:3328} INFO - Setting next_dagrun for ELT_dag to 2022-09-24T00:00:00+00:00, run_after=2022-09-25T00:00:00+00:00
[2022-09-25T13:06:52.527+0000] {processor.py:178} INFO - Processing /opt/airflow/dags/ELT_dag.py took 13.771 seconds
[2022-09-25T13:07:22.830+0000] {processor.py:156} INFO - Started process (PID=94) to work on /opt/airflow/dags/ELT_dag.py
[2022-09-25T13:07:22.838+0000] {processor.py:758} INFO - Processing file /opt/airflow/dags/ELT_dag.py for tasks to queue
[2022-09-25T13:07:22.840+0000] {logging_mixin.py:117} INFO - [2022-09-25T13:07:22.840+0000] {dagbag.py:525} INFO - Filling up the DagBag from /opt/airflow/dags/ELT_dag.py
[2022-09-25T13:07:24.025+0000] {processor.py:768} INFO - DAG(s) dict_keys(['ELT_dag']) retrieved from /opt/airflow/dags/ELT_dag.py
[2022-09-25T13:07:24.061+0000] {logging_mixin.py:117} INFO - [2022-09-25T13:07:24.061+0000] {dag.py:2573} INFO - Sync 1 DAGs
[2022-09-25T13:07:24.090+0000] {logging_mixin.py:117} INFO - [2022-09-25T13:07:24.090+0000] {dag.py:3328} INFO - Setting next_dagrun for ELT_dag to 2022-09-24T00:00:00+00:00, run_after=2022-09-25T00:00:00+00:00
[2022-09-25T13:07:24.134+0000] {processor.py:178} INFO - Processing /opt/airflow/dags/ELT_dag.py took 1.328 seconds
[2022-09-25T13:07:54.193+0000] {processor.py:156} INFO - Started process (PID=123) to work on /opt/airflow/dags/ELT_dag.py
[2022-09-25T13:07:54.244+0000] {processor.py:758} INFO - Processing file /opt/airflow/dags/ELT_dag.py for tasks to queue
[2022-09-25T13:07:54.244+0000] {logging_mixin.py:117} INFO - [2022-09-25T13:07:54.244+0000] {dagbag.py:525} INFO - Filling up the DagBag from /opt/airflow/dags/ELT_dag.py
[2022-09-25T13:07:54.663+0000] {processor.py:768} INFO - DAG(s) dict_keys(['ELT_dag']) retrieved from /opt/airflow/dags/ELT_dag.py
[2022-09-25T13:07:54.696+0000] {logging_mixin.py:117} INFO - [2022-09-25T13:07:54.696+0000] {dag.py:2573} INFO - Sync 1 DAGs
[2022-09-25T13:07:54.726+0000] {logging_mixin.py:117} INFO - [2022-09-25T13:07:54.726+0000] {dag.py:3328} INFO - Setting next_dagrun for ELT_dag to 2022-09-24T00:00:00+00:00, run_after=2022-09-25T00:00:00+00:00
[2022-09-25T13:07:54.777+0000] {processor.py:178} INFO - Processing /opt/airflow/dags/ELT_dag.py took 0.588 seconds
[2022-09-25T13:08:25.034+0000] {processor.py:156} INFO - Started process (PID=143) to work on /opt/airflow/dags/ELT_dag.py
[2022-09-25T13:08:25.070+0000] {processor.py:758} INFO - Processing file /opt/airflow/dags/ELT_dag.py for tasks to queue
[2022-09-25T13:08:25.071+0000] {logging_mixin.py:117} INFO - [2022-09-25T13:08:25.071+0000] {dagbag.py:525} INFO - Filling up the DagBag from /opt/airflow/dags/ELT_dag.py
[2022-09-25T13:08:25.479+0000] {processor.py:768} INFO - DAG(s) dict_keys(['ELT_dag']) retrieved from /opt/airflow/dags/ELT_dag.py
[2022-09-25T13:08:25.513+0000] {logging_mixin.py:117} INFO - [2022-09-25T13:08:25.512+0000] {dag.py:2573} INFO - Sync 1 DAGs
[2022-09-25T13:08:25.536+0000] {logging_mixin.py:117} INFO - [2022-09-25T13:08:25.536+0000] {dag.py:3328} INFO - Setting next_dagrun for ELT_dag to 2022-09-24T00:00:00+00:00, run_after=2022-09-25T00:00:00+00:00
[2022-09-25T13:08:25.593+0000] {processor.py:178} INFO - Processing /opt/airflow/dags/ELT_dag.py took 0.563 seconds
[2022-09-25T13:08:55.787+0000] {processor.py:156} INFO - Started process (PID=172) to work on /opt/airflow/dags/ELT_dag.py
[2022-09-25T13:08:55.817+0000] {processor.py:758} INFO - Processing file /opt/airflow/dags/ELT_dag.py for tasks to queue
[2022-09-25T13:08:55.818+0000] {logging_mixin.py:117} INFO - [2022-09-25T13:08:55.818+0000] {dagbag.py:525} INFO - Filling up the DagBag from /opt/airflow/dags/ELT_dag.py
[2022-09-25T13:08:56.279+0000] {processor.py:768} INFO - DAG(s) dict_keys(['ELT_dag']) retrieved from /opt/airflow/dags/ELT_dag.py
[2022-09-25T13:08:56.314+0000] {logging_mixin.py:117} INFO - [2022-09-25T13:08:56.314+0000] {dag.py:2573} INFO - Sync 1 DAGs
[2022-09-25T13:08:56.341+0000] {logging_mixin.py:117} INFO - [2022-09-25T13:08:56.341+0000] {dag.py:3328} INFO - Setting next_dagrun for ELT_dag to 2022-09-24T00:00:00+00:00, run_after=2022-09-25T00:00:00+00:00
[2022-09-25T13:08:56.396+0000] {processor.py:178} INFO - Processing /opt/airflow/dags/ELT_dag.py took 0.612 seconds
[2022-09-25T13:09:26.654+0000] {processor.py:156} INFO - Started process (PID=201) to work on /opt/airflow/dags/ELT_dag.py
[2022-09-25T13:09:26.671+0000] {processor.py:758} INFO - Processing file /opt/airflow/dags/ELT_dag.py for tasks to queue
[2022-09-25T13:09:26.672+0000] {logging_mixin.py:117} INFO - [2022-09-25T13:09:26.672+0000] {dagbag.py:525} INFO - Filling up the DagBag from /opt/airflow/dags/ELT_dag.py
[2022-09-25T13:09:27.132+0000] {processor.py:768} INFO - DAG(s) dict_keys(['ELT_dag']) retrieved from /opt/airflow/dags/ELT_dag.py
[2022-09-25T13:09:27.173+0000] {logging_mixin.py:117} INFO - [2022-09-25T13:09:27.172+0000] {dag.py:2573} INFO - Sync 1 DAGs
[2022-09-25T13:09:27.200+0000] {logging_mixin.py:117} INFO - [2022-09-25T13:09:27.200+0000] {dag.py:3328} INFO - Setting next_dagrun for ELT_dag to 2022-09-24T00:00:00+00:00, run_after=2022-09-25T00:00:00+00:00
[2022-09-25T13:09:27.249+0000] {processor.py:178} INFO - Processing /opt/airflow/dags/ELT_dag.py took 0.599 seconds
[2022-09-25T13:09:57.802+0000] {processor.py:156} INFO - Started process (PID=221) to work on /opt/airflow/dags/ELT_dag.py
[2022-09-25T13:09:57.819+0000] {processor.py:758} INFO - Processing file /opt/airflow/dags/ELT_dag.py for tasks to queue
[2022-09-25T13:09:57.820+0000] {logging_mixin.py:117} INFO - [2022-09-25T13:09:57.820+0000] {dagbag.py:525} INFO - Filling up the DagBag from /opt/airflow/dags/ELT_dag.py
[2022-09-25T13:09:58.107+0000] {processor.py:768} INFO - DAG(s) dict_keys(['ELT_dag']) retrieved from /opt/airflow/dags/ELT_dag.py
[2022-09-25T13:09:58.150+0000] {logging_mixin.py:117} INFO - [2022-09-25T13:09:58.149+0000] {dag.py:2573} INFO - Sync 1 DAGs
[2022-09-25T13:09:58.176+0000] {logging_mixin.py:117} INFO - [2022-09-25T13:09:58.176+0000] {dag.py:3328} INFO - Setting next_dagrun for ELT_dag to 2022-09-24T00:00:00+00:00, run_after=2022-09-25T00:00:00+00:00
[2022-09-25T13:09:58.245+0000] {processor.py:178} INFO - Processing /opt/airflow/dags/ELT_dag.py took 0.451 seconds
[2022-09-25T13:10:28.466+0000] {processor.py:156} INFO - Started process (PID=250) to work on /opt/airflow/dags/ELT_dag.py
[2022-09-25T13:10:28.515+0000] {processor.py:758} INFO - Processing file /opt/airflow/dags/ELT_dag.py for tasks to queue
[2022-09-25T13:10:28.515+0000] {logging_mixin.py:117} INFO - [2022-09-25T13:10:28.515+0000] {dagbag.py:525} INFO - Filling up the DagBag from /opt/airflow/dags/ELT_dag.py
[2022-09-25T13:10:28.797+0000] {processor.py:768} INFO - DAG(s) dict_keys(['ELT_dag']) retrieved from /opt/airflow/dags/ELT_dag.py
[2022-09-25T13:10:28.831+0000] {logging_mixin.py:117} INFO - [2022-09-25T13:10:28.830+0000] {dag.py:2573} INFO - Sync 1 DAGs
[2022-09-25T13:10:28.857+0000] {logging_mixin.py:117} INFO - [2022-09-25T13:10:28.857+0000] {dag.py:3328} INFO - Setting next_dagrun for ELT_dag to 2022-09-24T00:00:00+00:00, run_after=2022-09-25T00:00:00+00:00
[2022-09-25T13:10:28.938+0000] {processor.py:178} INFO - Processing /opt/airflow/dags/ELT_dag.py took 0.476 seconds
[2022-09-25T13:10:59.238+0000] {processor.py:156} INFO - Started process (PID=272) to work on /opt/airflow/dags/ELT_dag.py
[2022-09-25T13:10:59.269+0000] {processor.py:758} INFO - Processing file /opt/airflow/dags/ELT_dag.py for tasks to queue
[2022-09-25T13:10:59.270+0000] {logging_mixin.py:117} INFO - [2022-09-25T13:10:59.270+0000] {dagbag.py:525} INFO - Filling up the DagBag from /opt/airflow/dags/ELT_dag.py
[2022-09-25T13:10:59.617+0000] {processor.py:768} INFO - DAG(s) dict_keys(['ELT_dag']) retrieved from /opt/airflow/dags/ELT_dag.py
[2022-09-25T13:10:59.666+0000] {logging_mixin.py:117} INFO - [2022-09-25T13:10:59.666+0000] {dag.py:2573} INFO - Sync 1 DAGs
[2022-09-25T13:10:59.697+0000] {logging_mixin.py:117} INFO - [2022-09-25T13:10:59.697+0000] {dag.py:3328} INFO - Setting next_dagrun for ELT_dag to 2022-09-24T00:00:00+00:00, run_after=2022-09-25T00:00:00+00:00
[2022-09-25T13:10:59.769+0000] {processor.py:178} INFO - Processing /opt/airflow/dags/ELT_dag.py took 0.534 seconds
[2022-09-25T13:11:30.023+0000] {processor.py:156} INFO - Started process (PID=299) to work on /opt/airflow/dags/ELT_dag.py
[2022-09-25T13:11:30.024+0000] {processor.py:758} INFO - Processing file /opt/airflow/dags/ELT_dag.py for tasks to queue
[2022-09-25T13:11:30.025+0000] {logging_mixin.py:117} INFO - [2022-09-25T13:11:30.024+0000] {dagbag.py:525} INFO - Filling up the DagBag from /opt/airflow/dags/ELT_dag.py
[2022-09-25T13:11:30.300+0000] {processor.py:768} INFO - DAG(s) dict_keys(['ELT_dag']) retrieved from /opt/airflow/dags/ELT_dag.py
[2022-09-25T13:11:30.341+0000] {logging_mixin.py:117} INFO - [2022-09-25T13:11:30.341+0000] {dag.py:2573} INFO - Sync 1 DAGs
[2022-09-25T13:11:30.371+0000] {logging_mixin.py:117} INFO - [2022-09-25T13:11:30.371+0000] {dag.py:3328} INFO - Setting next_dagrun for ELT_dag to 2022-09-24T00:00:00+00:00, run_after=2022-09-25T00:00:00+00:00
[2022-09-25T13:11:30.431+0000] {processor.py:178} INFO - Processing /opt/airflow/dags/ELT_dag.py took 0.412 seconds
[2022-09-25T13:12:00.511+0000] {processor.py:156} INFO - Started process (PID=328) to work on /opt/airflow/dags/ELT_dag.py
[2022-09-25T13:12:00.576+0000] {processor.py:758} INFO - Processing file /opt/airflow/dags/ELT_dag.py for tasks to queue
[2022-09-25T13:12:00.577+0000] {logging_mixin.py:117} INFO - [2022-09-25T13:12:00.577+0000] {dagbag.py:525} INFO - Filling up the DagBag from /opt/airflow/dags/ELT_dag.py
[2022-09-25T13:12:00.871+0000] {processor.py:768} INFO - DAG(s) dict_keys(['ELT_dag']) retrieved from /opt/airflow/dags/ELT_dag.py
[2022-09-25T13:12:00.910+0000] {logging_mixin.py:117} INFO - [2022-09-25T13:12:00.910+0000] {dag.py:2573} INFO - Sync 1 DAGs
[2022-09-25T13:12:00.940+0000] {logging_mixin.py:117} INFO - [2022-09-25T13:12:00.940+0000] {dag.py:3328} INFO - Setting next_dagrun for ELT_dag to 2022-09-24T00:00:00+00:00, run_after=2022-09-25T00:00:00+00:00
[2022-09-25T13:12:00.993+0000] {processor.py:178} INFO - Processing /opt/airflow/dags/ELT_dag.py took 0.486 seconds
[2022-09-25T13:12:31.396+0000] {processor.py:156} INFO - Started process (PID=348) to work on /opt/airflow/dags/ELT_dag.py
[2022-09-25T13:12:31.397+0000] {processor.py:758} INFO - Processing file /opt/airflow/dags/ELT_dag.py for tasks to queue
[2022-09-25T13:12:31.399+0000] {logging_mixin.py:117} INFO - [2022-09-25T13:12:31.398+0000] {dagbag.py:525} INFO - Filling up the DagBag from /opt/airflow/dags/ELT_dag.py
[2022-09-25T13:12:31.703+0000] {processor.py:768} INFO - DAG(s) dict_keys(['ELT_dag']) retrieved from /opt/airflow/dags/ELT_dag.py
[2022-09-25T13:12:31.744+0000] {logging_mixin.py:117} INFO - [2022-09-25T13:12:31.744+0000] {dag.py:2573} INFO - Sync 1 DAGs
[2022-09-25T13:12:31.771+0000] {logging_mixin.py:117} INFO - [2022-09-25T13:12:31.771+0000] {dag.py:3328} INFO - Setting next_dagrun for ELT_dag to 2022-09-24T00:00:00+00:00, run_after=2022-09-25T00:00:00+00:00
[2022-09-25T13:12:31.796+0000] {processor.py:178} INFO - Processing /opt/airflow/dags/ELT_dag.py took 0.408 seconds
[2022-09-25T13:13:02.005+0000] {processor.py:156} INFO - Started process (PID=377) to work on /opt/airflow/dags/ELT_dag.py
[2022-09-25T13:13:02.078+0000] {processor.py:758} INFO - Processing file /opt/airflow/dags/ELT_dag.py for tasks to queue
[2022-09-25T13:13:02.079+0000] {logging_mixin.py:117} INFO - [2022-09-25T13:13:02.079+0000] {dagbag.py:525} INFO - Filling up the DagBag from /opt/airflow/dags/ELT_dag.py
[2022-09-25T13:13:02.372+0000] {processor.py:768} INFO - DAG(s) dict_keys(['ELT_dag']) retrieved from /opt/airflow/dags/ELT_dag.py
[2022-09-25T13:13:02.409+0000] {logging_mixin.py:117} INFO - [2022-09-25T13:13:02.408+0000] {dag.py:2573} INFO - Sync 1 DAGs
[2022-09-25T13:13:02.433+0000] {logging_mixin.py:117} INFO - [2022-09-25T13:13:02.433+0000] {dag.py:3328} INFO - Setting next_dagrun for ELT_dag to 2022-09-24T00:00:00+00:00, run_after=2022-09-25T00:00:00+00:00
[2022-09-25T13:13:02.467+0000] {processor.py:178} INFO - Processing /opt/airflow/dags/ELT_dag.py took 0.467 seconds
[2022-09-25T13:13:32.683+0000] {processor.py:156} INFO - Started process (PID=406) to work on /opt/airflow/dags/ELT_dag.py
[2022-09-25T13:13:32.685+0000] {processor.py:758} INFO - Processing file /opt/airflow/dags/ELT_dag.py for tasks to queue
[2022-09-25T13:13:32.687+0000] {logging_mixin.py:117} INFO - [2022-09-25T13:13:32.686+0000] {dagbag.py:525} INFO - Filling up the DagBag from /opt/airflow/dags/ELT_dag.py
[2022-09-25T13:13:33.035+0000] {processor.py:768} INFO - DAG(s) dict_keys(['ELT_dag']) retrieved from /opt/airflow/dags/ELT_dag.py
[2022-09-25T13:13:33.081+0000] {logging_mixin.py:117} INFO - [2022-09-25T13:13:33.081+0000] {dag.py:2573} INFO - Sync 1 DAGs
[2022-09-25T13:13:33.107+0000] {logging_mixin.py:117} INFO - [2022-09-25T13:13:33.107+0000] {dag.py:3328} INFO - Setting next_dagrun for ELT_dag to 2022-09-24T00:00:00+00:00, run_after=2022-09-25T00:00:00+00:00
[2022-09-25T13:13:33.135+0000] {processor.py:178} INFO - Processing /opt/airflow/dags/ELT_dag.py took 0.457 seconds
[2022-09-25T13:14:03.370+0000] {processor.py:156} INFO - Started process (PID=426) to work on /opt/airflow/dags/ELT_dag.py
[2022-09-25T13:14:03.371+0000] {processor.py:758} INFO - Processing file /opt/airflow/dags/ELT_dag.py for tasks to queue
[2022-09-25T13:14:03.372+0000] {logging_mixin.py:117} INFO - [2022-09-25T13:14:03.372+0000] {dagbag.py:525} INFO - Filling up the DagBag from /opt/airflow/dags/ELT_dag.py
[2022-09-25T13:14:03.640+0000] {processor.py:768} INFO - DAG(s) dict_keys(['ELT_dag']) retrieved from /opt/airflow/dags/ELT_dag.py
[2022-09-25T13:14:03.675+0000] {logging_mixin.py:117} INFO - [2022-09-25T13:14:03.675+0000] {dag.py:2573} INFO - Sync 1 DAGs
[2022-09-25T13:14:03.699+0000] {logging_mixin.py:117} INFO - [2022-09-25T13:14:03.699+0000] {dag.py:3328} INFO - Setting next_dagrun for ELT_dag to 2022-09-24T00:00:00+00:00, run_after=2022-09-25T00:00:00+00:00
[2022-09-25T13:14:03.727+0000] {processor.py:178} INFO - Processing /opt/airflow/dags/ELT_dag.py took 0.362 seconds
[2022-09-25T13:14:33.947+0000] {processor.py:156} INFO - Started process (PID=455) to work on /opt/airflow/dags/ELT_dag.py
[2022-09-25T13:14:33.952+0000] {processor.py:758} INFO - Processing file /opt/airflow/dags/ELT_dag.py for tasks to queue
[2022-09-25T13:14:33.953+0000] {logging_mixin.py:117} INFO - [2022-09-25T13:14:33.953+0000] {dagbag.py:525} INFO - Filling up the DagBag from /opt/airflow/dags/ELT_dag.py
[2022-09-25T13:14:34.205+0000] {processor.py:768} INFO - DAG(s) dict_keys(['ELT_dag']) retrieved from /opt/airflow/dags/ELT_dag.py
[2022-09-25T13:14:34.267+0000] {logging_mixin.py:117} INFO - [2022-09-25T13:14:34.267+0000] {dag.py:2573} INFO - Sync 1 DAGs
[2022-09-25T13:14:34.291+0000] {logging_mixin.py:117} INFO - [2022-09-25T13:14:34.291+0000] {dag.py:3328} INFO - Setting next_dagrun for ELT_dag to 2022-09-24T00:00:00+00:00, run_after=2022-09-25T00:00:00+00:00
[2022-09-25T13:14:34.324+0000] {processor.py:178} INFO - Processing /opt/airflow/dags/ELT_dag.py took 0.382 seconds
[2022-09-25T13:52:22.581+0000] {processor.py:156} INFO - Started process (PID=46) to work on /opt/airflow/dags/ELT_dag.py
[2022-09-25T13:52:22.596+0000] {processor.py:758} INFO - Processing file /opt/airflow/dags/ELT_dag.py for tasks to queue
[2022-09-25T13:52:22.598+0000] {logging_mixin.py:117} INFO - [2022-09-25T13:52:22.598+0000] {dagbag.py:525} INFO - Filling up the DagBag from /opt/airflow/dags/ELT_dag.py
[2022-09-25T13:52:52.876+0000] {logging_mixin.py:117} INFO - [2022-09-25T13:52:52.875+0000] {timeout.py:68} ERROR - Process timed out, PID: 46
[2022-09-25T13:52:52.879+0000] {logging_mixin.py:117} INFO - [2022-09-25T13:52:52.877+0000] {dagbag.py:330} ERROR - Failed to import: /opt/airflow/dags/ELT_dag.py
Traceback (most recent call last):
  File "/home/airflow/.local/lib/python3.7/site-packages/airflow/models/dagbag.py", line 326, in parse
    loader.exec_module(new_module)
  File "<frozen importlib._bootstrap_external>", line 728, in exec_module
  File "<frozen importlib._bootstrap>", line 219, in _call_with_frames_removed
  File "/opt/airflow/dags/ELT_dag.py", line 10, in <module>
    import pandas as pd
  File "/home/airflow/.local/lib/python3.7/site-packages/pandas/__init__.py", line 50, in <module>
    from pandas.core.api import (
  File "/home/airflow/.local/lib/python3.7/site-packages/pandas/core/api.py", line 24, in <module>
    from pandas.core.algorithms import (
  File "/home/airflow/.local/lib/python3.7/site-packages/airflow/utils/timeout.py", line 69, in handle_timeout
    raise AirflowTaskTimeout(self.error_message)
airflow.exceptions.AirflowTaskTimeout: DagBag import timeout for /opt/airflow/dags/ELT_dag.py after 30.0s.
Please take a look at these docs to improve your DAG import time:
* https://airflow.apache.org/docs/apache-airflow/2.4.0/best-practices.html#top-level-python-code
* https://airflow.apache.org/docs/apache-airflow/2.4.0/best-practices.html#reducing-dag-complexity, PID: 46
[2022-09-25T13:52:52.879+0000] {processor.py:770} WARNING - No viable dags retrieved from /opt/airflow/dags/ELT_dag.py
[2022-09-25T13:52:55.270+0000] {processor.py:178} INFO - Processing /opt/airflow/dags/ELT_dag.py took 32.812 seconds
[2022-09-25T13:53:32.393+0000] {processor.py:156} INFO - Started process (PID=57) to work on /opt/airflow/dags/ELT_dag.py
[2022-09-25T13:53:32.893+0000] {processor.py:758} INFO - Processing file /opt/airflow/dags/ELT_dag.py for tasks to queue
[2022-09-25T13:53:32.895+0000] {logging_mixin.py:117} INFO - [2022-09-25T13:53:32.894+0000] {dagbag.py:525} INFO - Filling up the DagBag from /opt/airflow/dags/ELT_dag.py
[2022-09-25T13:54:04.423+0000] {logging_mixin.py:117} INFO - [2022-09-25T13:54:04.422+0000] {timeout.py:68} ERROR - Process timed out, PID: 57
[2022-09-25T13:54:04.427+0000] {logging_mixin.py:117} INFO - [2022-09-25T13:54:04.424+0000] {dagbag.py:330} ERROR - Failed to import: /opt/airflow/dags/ELT_dag.py
Traceback (most recent call last):
  File "/home/airflow/.local/lib/python3.7/site-packages/airflow/models/dagbag.py", line 326, in parse
    loader.exec_module(new_module)
  File "<frozen importlib._bootstrap_external>", line 728, in exec_module
  File "<frozen importlib._bootstrap>", line 219, in _call_with_frames_removed
  File "/opt/airflow/dags/ELT_dag.py", line 10, in <module>
    import pandas as pd
  File "/home/airflow/.local/lib/python3.7/site-packages/pandas/__init__.py", line 50, in <module>
    from pandas.core.api import (
  File "/home/airflow/.local/lib/python3.7/site-packages/pandas/core/api.py", line 48, in <module>
    from pandas.core.groupby import (
  File "/home/airflow/.local/lib/python3.7/site-packages/pandas/core/groupby/__init__.py", line 1, in <module>
    from pandas.core.groupby.generic import (
  File "/home/airflow/.local/lib/python3.7/site-packages/pandas/core/groupby/generic.py", line 73, in <module>
    from pandas.core.frame import DataFrame
  File "/home/airflow/.local/lib/python3.7/site-packages/pandas/core/frame.py", line 129, in <module>
    from pandas.core import (
  File "/home/airflow/.local/lib/python3.7/site-packages/airflow/utils/timeout.py", line 69, in handle_timeout
    raise AirflowTaskTimeout(self.error_message)
airflow.exceptions.AirflowTaskTimeout: DagBag import timeout for /opt/airflow/dags/ELT_dag.py after 30.0s.
Please take a look at these docs to improve your DAG import time:
* https://airflow.apache.org/docs/apache-airflow/2.4.0/best-practices.html#top-level-python-code
* https://airflow.apache.org/docs/apache-airflow/2.4.0/best-practices.html#reducing-dag-complexity, PID: 57
[2022-09-25T13:54:04.428+0000] {processor.py:770} WARNING - No viable dags retrieved from /opt/airflow/dags/ELT_dag.py
[2022-09-25T13:54:06.702+0000] {processor.py:178} INFO - Processing /opt/airflow/dags/ELT_dag.py took 34.483 seconds
[2022-09-25T13:54:38.846+0000] {processor.py:156} INFO - Started process (PID=72) to work on /opt/airflow/dags/ELT_dag.py
[2022-09-25T13:54:39.078+0000] {processor.py:758} INFO - Processing file /opt/airflow/dags/ELT_dag.py for tasks to queue
[2022-09-25T13:54:39.079+0000] {logging_mixin.py:117} INFO - [2022-09-25T13:54:39.079+0000] {dagbag.py:525} INFO - Filling up the DagBag from /opt/airflow/dags/ELT_dag.py
[2022-09-25T13:55:03.646+0000] {processor.py:768} INFO - DAG(s) dict_keys(['ELT_dag']) retrieved from /opt/airflow/dags/ELT_dag.py
[2022-09-25T13:55:20.237+0000] {logging_mixin.py:117} INFO - [2022-09-25T13:55:20.237+0000] {manager.py:508} INFO - Created Permission View: can edit on DAG:ELT_dag
[2022-09-25T13:55:20.451+0000] {logging_mixin.py:117} INFO - [2022-09-25T13:55:20.450+0000] {manager.py:508} INFO - Created Permission View: can delete on DAG:ELT_dag
[2022-09-25T13:55:20.887+0000] {logging_mixin.py:117} INFO - [2022-09-25T13:55:20.887+0000] {manager.py:508} INFO - Created Permission View: can read on DAG:ELT_dag
[2022-09-25T13:55:20.888+0000] {logging_mixin.py:117} INFO - [2022-09-25T13:55:20.888+0000] {dag.py:2573} INFO - Sync 1 DAGs
[2022-09-25T13:55:22.302+0000] {logging_mixin.py:117} INFO - [2022-09-25T13:55:22.301+0000] {dag.py:2594} INFO - Creating ORM DAG for ELT_dag
[2022-09-25T13:55:22.682+0000] {logging_mixin.py:117} INFO - [2022-09-25T13:55:22.682+0000] {dag.py:3328} INFO - Setting next_dagrun for ELT_dag to 2022-09-24T00:00:00+00:00, run_after=2022-09-25T00:00:00+00:00
[2022-09-25T13:55:25.122+0000] {processor.py:178} INFO - Processing /opt/airflow/dags/ELT_dag.py took 46.561 seconds
[2022-09-25T13:55:55.352+0000] {processor.py:156} INFO - Started process (PID=92) to work on /opt/airflow/dags/ELT_dag.py
[2022-09-25T13:55:55.477+0000] {processor.py:758} INFO - Processing file /opt/airflow/dags/ELT_dag.py for tasks to queue
[2022-09-25T13:55:55.481+0000] {logging_mixin.py:117} INFO - [2022-09-25T13:55:55.480+0000] {dagbag.py:525} INFO - Filling up the DagBag from /opt/airflow/dags/ELT_dag.py
[2022-09-25T13:55:55.798+0000] {processor.py:768} INFO - DAG(s) dict_keys(['ELT_dag']) retrieved from /opt/airflow/dags/ELT_dag.py
[2022-09-25T13:55:56.981+0000] {logging_mixin.py:117} INFO - [2022-09-25T13:55:56.980+0000] {dag.py:2573} INFO - Sync 1 DAGs
[2022-09-25T13:55:57.131+0000] {logging_mixin.py:117} INFO - [2022-09-25T13:55:57.131+0000] {dag.py:3328} INFO - Setting next_dagrun for ELT_dag to 2022-09-24T00:00:00+00:00, run_after=2022-09-25T00:00:00+00:00
[2022-09-25T13:55:57.306+0000] {processor.py:178} INFO - Processing /opt/airflow/dags/ELT_dag.py took 1.960 seconds
[2022-09-25T13:56:33.472+0000] {processor.py:156} INFO - Started process (PID=112) to work on /opt/airflow/dags/ELT_dag.py
[2022-09-25T13:56:33.584+0000] {processor.py:758} INFO - Processing file /opt/airflow/dags/ELT_dag.py for tasks to queue
[2022-09-25T13:56:33.587+0000] {logging_mixin.py:117} INFO - [2022-09-25T13:56:33.586+0000] {dagbag.py:525} INFO - Filling up the DagBag from /opt/airflow/dags/ELT_dag.py
[2022-09-25T13:56:53.418+0000] {processor.py:768} INFO - DAG(s) dict_keys(['ELT_dag']) retrieved from /opt/airflow/dags/ELT_dag.py
[2022-09-25T13:56:55.492+0000] {logging_mixin.py:117} INFO - [2022-09-25T13:56:55.491+0000] {dag.py:2573} INFO - Sync 1 DAGs
[2022-09-25T13:56:55.644+0000] {logging_mixin.py:117} INFO - [2022-09-25T13:56:55.643+0000] {dag.py:3328} INFO - Setting next_dagrun for ELT_dag to 2022-09-24T00:00:00+00:00, run_after=2022-09-25T00:00:00+00:00
[2022-09-25T13:56:56.146+0000] {processor.py:178} INFO - Processing /opt/airflow/dags/ELT_dag.py took 25.462 seconds
[2022-09-25T13:57:38.245+0000] {processor.py:156} INFO - Started process (PID=132) to work on /opt/airflow/dags/ELT_dag.py
[2022-09-25T13:57:38.586+0000] {processor.py:758} INFO - Processing file /opt/airflow/dags/ELT_dag.py for tasks to queue
[2022-09-25T13:57:38.888+0000] {logging_mixin.py:117} INFO - [2022-09-25T13:57:38.888+0000] {dagbag.py:525} INFO - Filling up the DagBag from /opt/airflow/dags/ELT_dag.py
[2022-09-25T13:58:10.253+0000] {logging_mixin.py:117} INFO - [2022-09-25T13:58:10.252+0000] {timeout.py:68} ERROR - Process timed out, PID: 132
[2022-09-25T13:58:11.515+0000] {logging_mixin.py:117} INFO - [2022-09-25T13:58:10.255+0000] {dagbag.py:330} ERROR - Failed to import: /opt/airflow/dags/ELT_dag.py
Traceback (most recent call last):
  File "/home/airflow/.local/lib/python3.7/site-packages/airflow/models/dagbag.py", line 326, in parse
    loader.exec_module(new_module)
  File "<frozen importlib._bootstrap_external>", line 728, in exec_module
  File "<frozen importlib._bootstrap>", line 219, in _call_with_frames_removed
  File "/opt/airflow/dags/ELT_dag.py", line 10, in <module>
    import pandas as pd
  File "/home/airflow/.local/lib/python3.7/site-packages/pandas/__init__.py", line 22, in <module>
    from pandas.compat import (
  File "/home/airflow/.local/lib/python3.7/site-packages/pandas/compat/__init__.py", line 14, in <module>
    from pandas._typing import F
  File "/home/airflow/.local/lib/python3.7/site-packages/pandas/_typing.py", line 187, in <module>
    List[Callable], Tuple[Callable, ...], Mapping[Union[str, int], Callable]
  File "/usr/local/lib/python3.7/typing.py", line 751, in __getitem__
    return self.__getitem_inner__(params)
  File "/usr/local/lib/python3.7/typing.py", line 251, in inner
    return cached(*args, **kwds)
  File "/home/airflow/.local/lib/python3.7/site-packages/airflow/utils/timeout.py", line 69, in handle_timeout
    raise AirflowTaskTimeout(self.error_message)
airflow.exceptions.AirflowTaskTimeout: DagBag import timeout for /opt/airflow/dags/ELT_dag.py after 30.0s.
Please take a look at these docs to improve your DAG import time:
* https://airflow.apache.org/docs/apache-airflow/2.4.0/best-practices.html#top-level-python-code
* https://airflow.apache.org/docs/apache-airflow/2.4.0/best-practices.html#reducing-dag-complexity, PID: 132
[2022-09-25T13:58:11.517+0000] {processor.py:770} WARNING - No viable dags retrieved from /opt/airflow/dags/ELT_dag.py
[2022-09-25T13:58:31.949+0000] {processor.py:156} INFO - Started process (PID=133) to work on /opt/airflow/dags/ELT_dag.py
[2022-09-25T13:58:38.099+0000] {processor.py:758} INFO - Processing file /opt/airflow/dags/ELT_dag.py for tasks to queue
[2022-09-25T13:58:38.100+0000] {logging_mixin.py:117} INFO - [2022-09-25T13:58:38.100+0000] {dagbag.py:525} INFO - Filling up the DagBag from /opt/airflow/dags/ELT_dag.py
[2022-09-25T13:59:10.382+0000] {processor.py:156} INFO - Started process (PID=143) to work on /opt/airflow/dags/ELT_dag.py
[2022-09-25T13:59:12.628+0000] {processor.py:758} INFO - Processing file /opt/airflow/dags/ELT_dag.py for tasks to queue
[2022-09-25T13:59:13.622+0000] {logging_mixin.py:117} INFO - [2022-09-25T13:59:13.622+0000] {dagbag.py:525} INFO - Filling up the DagBag from /opt/airflow/dags/ELT_dag.py
[2022-09-25T13:59:22.513+0000] {processor.py:768} INFO - DAG(s) dict_keys(['ELT_dag']) retrieved from /opt/airflow/dags/ELT_dag.py
[2022-09-25T13:59:24.680+0000] {logging_mixin.py:117} INFO - [2022-09-25T13:59:24.679+0000] {dag.py:2573} INFO - Sync 1 DAGs
[2022-09-25T13:59:40.292+0000] {logging_mixin.py:117} INFO - [2022-09-25T13:59:40.292+0000] {dag.py:3328} INFO - Setting next_dagrun for ELT_dag to 2022-09-24T00:00:00+00:00, run_after=2022-09-25T00:00:00+00:00
[2022-09-25T14:00:07.695+0000] {processor.py:156} INFO - Started process (PID=154) to work on /opt/airflow/dags/ELT_dag.py
[2022-09-25T14:00:07.914+0000] {processor.py:758} INFO - Processing file /opt/airflow/dags/ELT_dag.py for tasks to queue
[2022-09-25T14:00:07.916+0000] {logging_mixin.py:117} INFO - [2022-09-25T14:00:07.915+0000] {dagbag.py:525} INFO - Filling up the DagBag from /opt/airflow/dags/ELT_dag.py
[2022-09-25T14:00:20.421+0000] {processor.py:768} INFO - DAG(s) dict_keys(['ELT_dag']) retrieved from /opt/airflow/dags/ELT_dag.py
[2022-09-25T14:00:23.351+0000] {logging_mixin.py:117} INFO - [2022-09-25T14:00:23.351+0000] {dag.py:2573} INFO - Sync 1 DAGs
[2022-09-25T14:00:25.453+0000] {logging_mixin.py:117} INFO - [2022-09-25T14:00:25.453+0000] {dag.py:3328} INFO - Setting next_dagrun for ELT_dag to 2022-09-24T00:00:00+00:00, run_after=2022-09-25T00:00:00+00:00
[2022-09-25T14:00:27.061+0000] {processor.py:178} INFO - Processing /opt/airflow/dags/ELT_dag.py took 20.824 seconds
[2022-09-25T14:01:00.058+0000] {processor.py:156} INFO - Started process (PID=165) to work on /opt/airflow/dags/ELT_dag.py
[2022-09-25T14:01:00.728+0000] {processor.py:758} INFO - Processing file /opt/airflow/dags/ELT_dag.py for tasks to queue
[2022-09-25T14:01:00.729+0000] {logging_mixin.py:117} INFO - [2022-09-25T14:01:00.729+0000] {dagbag.py:525} INFO - Filling up the DagBag from /opt/airflow/dags/ELT_dag.py
[2022-09-25T14:01:32.267+0000] {logging_mixin.py:117} INFO - [2022-09-25T14:01:32.265+0000] {timeout.py:68} ERROR - Process timed out, PID: 165
[2022-09-25T14:01:32.268+0000] {logging_mixin.py:117} INFO - [2022-09-25T14:01:32.267+0000] {dagbag.py:330} ERROR - Failed to import: /opt/airflow/dags/ELT_dag.py
Traceback (most recent call last):
  File "/home/airflow/.local/lib/python3.7/site-packages/airflow/models/dagbag.py", line 326, in parse
    loader.exec_module(new_module)
  File "<frozen importlib._bootstrap_external>", line 728, in exec_module
  File "<frozen importlib._bootstrap>", line 219, in _call_with_frames_removed
  File "/opt/airflow/dags/ELT_dag.py", line 11, in <module>
    from sqlalchemy import Numeric
  File "<frozen importlib._bootstrap>", line 1032, in _handle_fromlist
  File "/home/airflow/.local/lib/python3.7/site-packages/airflow/utils/timeout.py", line 69, in handle_timeout
    raise AirflowTaskTimeout(self.error_message)
airflow.exceptions.AirflowTaskTimeout: DagBag import timeout for /opt/airflow/dags/ELT_dag.py after 30.0s.
Please take a look at these docs to improve your DAG import time:
* https://airflow.apache.org/docs/apache-airflow/2.4.0/best-practices.html#top-level-python-code
* https://airflow.apache.org/docs/apache-airflow/2.4.0/best-practices.html#reducing-dag-complexity, PID: 165
[2022-09-25T14:01:32.268+0000] {processor.py:770} WARNING - No viable dags retrieved from /opt/airflow/dags/ELT_dag.py
[2022-09-25T14:01:41.791+0000] {processor.py:178} INFO - Processing /opt/airflow/dags/ELT_dag.py took 41.680 seconds
[2022-09-25T14:02:11.893+0000] {processor.py:156} INFO - Started process (PID=176) to work on /opt/airflow/dags/ELT_dag.py
[2022-09-25T14:02:12.679+0000] {processor.py:758} INFO - Processing file /opt/airflow/dags/ELT_dag.py for tasks to queue
[2022-09-25T14:02:13.781+0000] {logging_mixin.py:117} INFO - [2022-09-25T14:02:13.779+0000] {dagbag.py:525} INFO - Filling up the DagBag from /opt/airflow/dags/ELT_dag.py
[2022-09-25T14:02:25.699+0000] {processor.py:768} INFO - DAG(s) dict_keys(['ELT_dag']) retrieved from /opt/airflow/dags/ELT_dag.py
[2022-09-25T14:02:26.095+0000] {logging_mixin.py:117} INFO - [2022-09-25T14:02:26.095+0000] {dag.py:2573} INFO - Sync 1 DAGs
[2022-09-25T14:02:26.137+0000] {logging_mixin.py:117} INFO - [2022-09-25T14:02:26.137+0000] {dag.py:3328} INFO - Setting next_dagrun for ELT_dag to 2022-09-24T00:00:00+00:00, run_after=2022-09-25T00:00:00+00:00
[2022-09-25T14:02:28.258+0000] {processor.py:178} INFO - Processing /opt/airflow/dags/ELT_dag.py took 16.474 seconds
[2022-09-25T14:03:17.562+0000] {processor.py:156} INFO - Started process (PID=196) to work on /opt/airflow/dags/ELT_dag.py
[2022-09-25T14:03:18.470+0000] {processor.py:758} INFO - Processing file /opt/airflow/dags/ELT_dag.py for tasks to queue
[2022-09-25T14:03:24.944+0000] {logging_mixin.py:117} INFO - [2022-09-25T14:03:24.934+0000] {dagbag.py:525} INFO - Filling up the DagBag from /opt/airflow/dags/ELT_dag.py
[2022-09-25T14:04:03.963+0000] {processor.py:156} INFO - Started process (PID=197) to work on /opt/airflow/dags/ELT_dag.py
[2022-09-25T14:04:04.115+0000] {processor.py:758} INFO - Processing file /opt/airflow/dags/ELT_dag.py for tasks to queue
[2022-09-25T14:04:04.154+0000] {logging_mixin.py:117} INFO - [2022-09-25T14:04:04.154+0000] {dagbag.py:525} INFO - Filling up the DagBag from /opt/airflow/dags/ELT_dag.py
[2022-09-25T14:04:35.543+0000] {processor.py:768} INFO - DAG(s) dict_keys(['ELT_dag']) retrieved from /opt/airflow/dags/ELT_dag.py
[2022-09-25T14:04:39.832+0000] {logging_mixin.py:117} INFO - [2022-09-25T14:04:39.832+0000] {dag.py:2573} INFO - Sync 1 DAGs
[2022-09-25T14:04:40.517+0000] {logging_mixin.py:117} INFO - [2022-09-25T14:04:40.517+0000] {dag.py:3328} INFO - Setting next_dagrun for ELT_dag to 2022-09-24T00:00:00+00:00, run_after=2022-09-25T00:00:00+00:00
[2022-09-25T14:04:41.097+0000] {processor.py:178} INFO - Processing /opt/airflow/dags/ELT_dag.py took 41.334 seconds
[2022-09-25T14:05:11.913+0000] {processor.py:156} INFO - Started process (PID=216) to work on /opt/airflow/dags/ELT_dag.py
[2022-09-25T14:05:12.023+0000] {processor.py:758} INFO - Processing file /opt/airflow/dags/ELT_dag.py for tasks to queue
[2022-09-25T14:05:12.024+0000] {logging_mixin.py:117} INFO - [2022-09-25T14:05:12.024+0000] {dagbag.py:525} INFO - Filling up the DagBag from /opt/airflow/dags/ELT_dag.py
[2022-09-25T14:05:12.509+0000] {processor.py:768} INFO - DAG(s) dict_keys(['ELT_dag']) retrieved from /opt/airflow/dags/ELT_dag.py
[2022-09-25T14:05:12.677+0000] {logging_mixin.py:117} INFO - [2022-09-25T14:05:12.677+0000] {dag.py:2573} INFO - Sync 1 DAGs
[2022-09-25T14:05:12.754+0000] {logging_mixin.py:117} INFO - [2022-09-25T14:05:12.754+0000] {dag.py:3328} INFO - Setting next_dagrun for ELT_dag to 2022-09-24T00:00:00+00:00, run_after=2022-09-25T00:00:00+00:00
[2022-09-25T14:05:12.954+0000] {processor.py:178} INFO - Processing /opt/airflow/dags/ELT_dag.py took 1.048 seconds
[2022-09-25T14:05:43.233+0000] {processor.py:156} INFO - Started process (PID=226) to work on /opt/airflow/dags/ELT_dag.py
[2022-09-25T14:05:43.375+0000] {processor.py:758} INFO - Processing file /opt/airflow/dags/ELT_dag.py for tasks to queue
[2022-09-25T14:05:44.377+0000] {logging_mixin.py:117} INFO - [2022-09-25T14:05:44.376+0000] {dagbag.py:525} INFO - Filling up the DagBag from /opt/airflow/dags/ELT_dag.py
[2022-09-25T14:06:04.096+0000] {processor.py:768} INFO - DAG(s) dict_keys(['ELT_dag']) retrieved from /opt/airflow/dags/ELT_dag.py
[2022-09-25T14:06:05.163+0000] {logging_mixin.py:117} INFO - [2022-09-25T14:06:05.163+0000] {dag.py:2573} INFO - Sync 1 DAGs
[2022-09-25T14:06:06.332+0000] {logging_mixin.py:117} INFO - [2022-09-25T14:06:06.332+0000] {dag.py:3328} INFO - Setting next_dagrun for ELT_dag to 2022-09-24T00:00:00+00:00, run_after=2022-09-25T00:00:00+00:00
[2022-09-25T14:06:06.471+0000] {processor.py:178} INFO - Processing /opt/airflow/dags/ELT_dag.py took 23.401 seconds
[2022-09-25T14:06:38.564+0000] {processor.py:156} INFO - Started process (PID=237) to work on /opt/airflow/dags/ELT_dag.py
[2022-09-25T14:06:38.571+0000] {processor.py:758} INFO - Processing file /opt/airflow/dags/ELT_dag.py for tasks to queue
[2022-09-25T14:06:38.572+0000] {logging_mixin.py:117} INFO - [2022-09-25T14:06:38.572+0000] {dagbag.py:525} INFO - Filling up the DagBag from /opt/airflow/dags/ELT_dag.py
[2022-09-25T14:06:40.681+0000] {processor.py:768} INFO - DAG(s) dict_keys(['ELT_dag']) retrieved from /opt/airflow/dags/ELT_dag.py
[2022-09-25T14:06:47.425+0000] {logging_mixin.py:117} INFO - [2022-09-25T14:06:47.424+0000] {dag.py:2573} INFO - Sync 1 DAGs
[2022-09-25T14:06:47.913+0000] {logging_mixin.py:117} INFO - [2022-09-25T14:06:47.913+0000] {dag.py:3328} INFO - Setting next_dagrun for ELT_dag to 2022-09-24T00:00:00+00:00, run_after=2022-09-25T00:00:00+00:00
[2022-09-25T14:06:50.152+0000] {processor.py:178} INFO - Processing /opt/airflow/dags/ELT_dag.py took 11.766 seconds
[2022-09-25T14:07:21.133+0000] {processor.py:156} INFO - Started process (PID=267) to work on /opt/airflow/dags/ELT_dag.py
[2022-09-25T14:07:21.213+0000] {processor.py:758} INFO - Processing file /opt/airflow/dags/ELT_dag.py for tasks to queue
[2022-09-25T14:07:21.214+0000] {logging_mixin.py:117} INFO - [2022-09-25T14:07:21.214+0000] {dagbag.py:525} INFO - Filling up the DagBag from /opt/airflow/dags/ELT_dag.py
[2022-09-25T14:07:22.127+0000] {processor.py:768} INFO - DAG(s) dict_keys(['ELT_dag']) retrieved from /opt/airflow/dags/ELT_dag.py
[2022-09-25T14:07:22.169+0000] {logging_mixin.py:117} INFO - [2022-09-25T14:07:22.168+0000] {dag.py:2573} INFO - Sync 1 DAGs
[2022-09-25T14:07:22.200+0000] {logging_mixin.py:117} INFO - [2022-09-25T14:07:22.200+0000] {dag.py:3328} INFO - Setting next_dagrun for ELT_dag to 2022-09-24T00:00:00+00:00, run_after=2022-09-25T00:00:00+00:00
[2022-09-25T14:07:22.296+0000] {processor.py:178} INFO - Processing /opt/airflow/dags/ELT_dag.py took 1.168 seconds
[2022-09-25T14:07:53.002+0000] {processor.py:156} INFO - Started process (PID=287) to work on /opt/airflow/dags/ELT_dag.py
[2022-09-25T14:07:53.070+0000] {processor.py:758} INFO - Processing file /opt/airflow/dags/ELT_dag.py for tasks to queue
[2022-09-25T14:07:53.071+0000] {logging_mixin.py:117} INFO - [2022-09-25T14:07:53.070+0000] {dagbag.py:525} INFO - Filling up the DagBag from /opt/airflow/dags/ELT_dag.py
[2022-09-25T14:07:53.860+0000] {processor.py:768} INFO - DAG(s) dict_keys(['ELT_dag']) retrieved from /opt/airflow/dags/ELT_dag.py
[2022-09-25T14:07:54.151+0000] {logging_mixin.py:117} INFO - [2022-09-25T14:07:54.151+0000] {dag.py:2573} INFO - Sync 1 DAGs
[2022-09-25T14:07:54.185+0000] {logging_mixin.py:117} INFO - [2022-09-25T14:07:54.185+0000] {dag.py:3328} INFO - Setting next_dagrun for ELT_dag to 2022-09-24T00:00:00+00:00, run_after=2022-09-25T00:00:00+00:00
[2022-09-25T14:07:54.298+0000] {processor.py:178} INFO - Processing /opt/airflow/dags/ELT_dag.py took 1.301 seconds
[2022-09-25T14:08:24.573+0000] {processor.py:156} INFO - Started process (PID=316) to work on /opt/airflow/dags/ELT_dag.py
[2022-09-25T14:08:24.667+0000] {processor.py:758} INFO - Processing file /opt/airflow/dags/ELT_dag.py for tasks to queue
[2022-09-25T14:08:24.670+0000] {logging_mixin.py:117} INFO - [2022-09-25T14:08:24.669+0000] {dagbag.py:525} INFO - Filling up the DagBag from /opt/airflow/dags/ELT_dag.py
[2022-09-25T14:08:25.076+0000] {processor.py:768} INFO - DAG(s) dict_keys(['ELT_dag']) retrieved from /opt/airflow/dags/ELT_dag.py
[2022-09-25T14:08:25.189+0000] {logging_mixin.py:117} INFO - [2022-09-25T14:08:25.189+0000] {dag.py:2573} INFO - Sync 1 DAGs
[2022-09-25T14:08:25.218+0000] {logging_mixin.py:117} INFO - [2022-09-25T14:08:25.218+0000] {dag.py:3328} INFO - Setting next_dagrun for ELT_dag to 2022-09-24T00:00:00+00:00, run_after=2022-09-25T00:00:00+00:00
[2022-09-25T14:08:25.327+0000] {processor.py:178} INFO - Processing /opt/airflow/dags/ELT_dag.py took 0.762 seconds
[2022-09-25T14:08:56.082+0000] {processor.py:156} INFO - Started process (PID=336) to work on /opt/airflow/dags/ELT_dag.py
[2022-09-25T14:08:56.113+0000] {processor.py:758} INFO - Processing file /opt/airflow/dags/ELT_dag.py for tasks to queue
[2022-09-25T14:08:56.114+0000] {logging_mixin.py:117} INFO - [2022-09-25T14:08:56.114+0000] {dagbag.py:525} INFO - Filling up the DagBag from /opt/airflow/dags/ELT_dag.py
[2022-09-25T14:08:56.916+0000] {processor.py:768} INFO - DAG(s) dict_keys(['ELT_dag']) retrieved from /opt/airflow/dags/ELT_dag.py
[2022-09-25T14:08:56.993+0000] {logging_mixin.py:117} INFO - [2022-09-25T14:08:56.993+0000] {dag.py:2573} INFO - Sync 1 DAGs
[2022-09-25T14:08:57.023+0000] {logging_mixin.py:117} INFO - [2022-09-25T14:08:57.023+0000] {dag.py:3328} INFO - Setting next_dagrun for ELT_dag to 2022-09-24T00:00:00+00:00, run_after=2022-09-25T00:00:00+00:00
[2022-09-25T14:08:57.159+0000] {processor.py:178} INFO - Processing /opt/airflow/dags/ELT_dag.py took 1.081 seconds
[2022-09-25T14:09:27.242+0000] {processor.py:156} INFO - Started process (PID=365) to work on /opt/airflow/dags/ELT_dag.py
[2022-09-25T14:09:27.243+0000] {processor.py:758} INFO - Processing file /opt/airflow/dags/ELT_dag.py for tasks to queue
[2022-09-25T14:09:27.244+0000] {logging_mixin.py:117} INFO - [2022-09-25T14:09:27.243+0000] {dagbag.py:525} INFO - Filling up the DagBag from /opt/airflow/dags/ELT_dag.py
[2022-09-25T14:09:28.790+0000] {processor.py:768} INFO - DAG(s) dict_keys(['ELT_dag']) retrieved from /opt/airflow/dags/ELT_dag.py
[2022-09-25T14:09:33.904+0000] {logging_mixin.py:117} INFO - [2022-09-25T14:09:33.904+0000] {dag.py:2573} INFO - Sync 1 DAGs
[2022-09-25T14:09:41.537+0000] {logging_mixin.py:117} INFO - [2022-09-25T14:09:41.537+0000] {dag.py:3328} INFO - Setting next_dagrun for ELT_dag to 2022-09-24T00:00:00+00:00, run_after=2022-09-25T00:00:00+00:00
[2022-09-25T14:09:41.985+0000] {processor.py:178} INFO - Processing /opt/airflow/dags/ELT_dag.py took 14.751 seconds
[2022-09-25T14:10:12.345+0000] {processor.py:156} INFO - Started process (PID=396) to work on /opt/airflow/dags/ELT_dag.py
[2022-09-25T14:10:12.358+0000] {processor.py:758} INFO - Processing file /opt/airflow/dags/ELT_dag.py for tasks to queue
[2022-09-25T14:10:12.359+0000] {logging_mixin.py:117} INFO - [2022-09-25T14:10:12.358+0000] {dagbag.py:525} INFO - Filling up the DagBag from /opt/airflow/dags/ELT_dag.py
[2022-09-25T14:10:12.978+0000] {processor.py:768} INFO - DAG(s) dict_keys(['ELT_dag']) retrieved from /opt/airflow/dags/ELT_dag.py
[2022-09-25T14:10:13.185+0000] {logging_mixin.py:117} INFO - [2022-09-25T14:10:13.185+0000] {dag.py:2573} INFO - Sync 1 DAGs
[2022-09-25T14:10:13.210+0000] {logging_mixin.py:117} INFO - [2022-09-25T14:10:13.210+0000] {dag.py:3328} INFO - Setting next_dagrun for ELT_dag to 2022-09-24T00:00:00+00:00, run_after=2022-09-25T00:00:00+00:00
[2022-09-25T14:10:13.325+0000] {processor.py:178} INFO - Processing /opt/airflow/dags/ELT_dag.py took 0.986 seconds
[2022-09-25T14:10:43.568+0000] {processor.py:156} INFO - Started process (PID=417) to work on /opt/airflow/dags/ELT_dag.py
[2022-09-25T14:10:43.569+0000] {processor.py:758} INFO - Processing file /opt/airflow/dags/ELT_dag.py for tasks to queue
[2022-09-25T14:10:43.569+0000] {logging_mixin.py:117} INFO - [2022-09-25T14:10:43.569+0000] {dagbag.py:525} INFO - Filling up the DagBag from /opt/airflow/dags/ELT_dag.py
[2022-09-25T14:10:43.844+0000] {processor.py:768} INFO - DAG(s) dict_keys(['ELT_dag']) retrieved from /opt/airflow/dags/ELT_dag.py
[2022-09-25T14:10:43.884+0000] {logging_mixin.py:117} INFO - [2022-09-25T14:10:43.884+0000] {dag.py:2573} INFO - Sync 1 DAGs
[2022-09-25T14:10:43.910+0000] {logging_mixin.py:117} INFO - [2022-09-25T14:10:43.910+0000] {dag.py:3328} INFO - Setting next_dagrun for ELT_dag to 2022-09-24T00:00:00+00:00, run_after=2022-09-25T00:00:00+00:00
[2022-09-25T14:10:44.054+0000] {processor.py:178} INFO - Processing /opt/airflow/dags/ELT_dag.py took 0.490 seconds
[2022-09-25T14:11:14.251+0000] {processor.py:156} INFO - Started process (PID=446) to work on /opt/airflow/dags/ELT_dag.py
[2022-09-25T14:11:14.279+0000] {processor.py:758} INFO - Processing file /opt/airflow/dags/ELT_dag.py for tasks to queue
[2022-09-25T14:11:14.281+0000] {logging_mixin.py:117} INFO - [2022-09-25T14:11:14.281+0000] {dagbag.py:525} INFO - Filling up the DagBag from /opt/airflow/dags/ELT_dag.py
[2022-09-25T14:11:14.612+0000] {processor.py:768} INFO - DAG(s) dict_keys(['ELT_dag']) retrieved from /opt/airflow/dags/ELT_dag.py
[2022-09-25T14:11:14.653+0000] {logging_mixin.py:117} INFO - [2022-09-25T14:11:14.653+0000] {dag.py:2573} INFO - Sync 1 DAGs
[2022-09-25T14:11:14.680+0000] {logging_mixin.py:117} INFO - [2022-09-25T14:11:14.680+0000] {dag.py:3328} INFO - Setting next_dagrun for ELT_dag to 2022-09-24T00:00:00+00:00, run_after=2022-09-25T00:00:00+00:00
[2022-09-25T14:11:14.717+0000] {processor.py:178} INFO - Processing /opt/airflow/dags/ELT_dag.py took 0.473 seconds
[2022-09-25T14:11:44.938+0000] {processor.py:156} INFO - Started process (PID=466) to work on /opt/airflow/dags/ELT_dag.py
[2022-09-25T14:11:44.939+0000] {processor.py:758} INFO - Processing file /opt/airflow/dags/ELT_dag.py for tasks to queue
[2022-09-25T14:11:44.939+0000] {logging_mixin.py:117} INFO - [2022-09-25T14:11:44.939+0000] {dagbag.py:525} INFO - Filling up the DagBag from /opt/airflow/dags/ELT_dag.py
[2022-09-25T14:11:45.270+0000] {processor.py:768} INFO - DAG(s) dict_keys(['ELT_dag']) retrieved from /opt/airflow/dags/ELT_dag.py
[2022-09-25T14:11:45.360+0000] {logging_mixin.py:117} INFO - [2022-09-25T14:11:45.360+0000] {dag.py:2573} INFO - Sync 1 DAGs
[2022-09-25T14:11:45.388+0000] {logging_mixin.py:117} INFO - [2022-09-25T14:11:45.388+0000] {dag.py:3328} INFO - Setting next_dagrun for ELT_dag to 2022-09-24T00:00:00+00:00, run_after=2022-09-25T00:00:00+00:00
[2022-09-25T14:11:45.443+0000] {processor.py:178} INFO - Processing /opt/airflow/dags/ELT_dag.py took 0.510 seconds
[2022-09-25T14:12:15.686+0000] {processor.py:156} INFO - Started process (PID=496) to work on /opt/airflow/dags/ELT_dag.py
[2022-09-25T14:12:15.710+0000] {processor.py:758} INFO - Processing file /opt/airflow/dags/ELT_dag.py for tasks to queue
[2022-09-25T14:12:15.711+0000] {logging_mixin.py:117} INFO - [2022-09-25T14:12:15.711+0000] {dagbag.py:525} INFO - Filling up the DagBag from /opt/airflow/dags/ELT_dag.py
[2022-09-25T14:12:16.018+0000] {processor.py:768} INFO - DAG(s) dict_keys(['ELT_dag']) retrieved from /opt/airflow/dags/ELT_dag.py
[2022-09-25T14:12:16.061+0000] {logging_mixin.py:117} INFO - [2022-09-25T14:12:16.061+0000] {dag.py:2573} INFO - Sync 1 DAGs
[2022-09-25T14:12:16.090+0000] {logging_mixin.py:117} INFO - [2022-09-25T14:12:16.090+0000] {dag.py:3328} INFO - Setting next_dagrun for ELT_dag to 2022-09-24T00:00:00+00:00, run_after=2022-09-25T00:00:00+00:00
[2022-09-25T14:12:16.226+0000] {processor.py:178} INFO - Processing /opt/airflow/dags/ELT_dag.py took 0.544 seconds
[2022-09-25T14:12:46.510+0000] {processor.py:156} INFO - Started process (PID=516) to work on /opt/airflow/dags/ELT_dag.py
[2022-09-25T14:12:46.511+0000] {processor.py:758} INFO - Processing file /opt/airflow/dags/ELT_dag.py for tasks to queue
[2022-09-25T14:12:46.512+0000] {logging_mixin.py:117} INFO - [2022-09-25T14:12:46.512+0000] {dagbag.py:525} INFO - Filling up the DagBag from /opt/airflow/dags/ELT_dag.py
[2022-09-25T14:12:46.820+0000] {processor.py:768} INFO - DAG(s) dict_keys(['ELT_dag']) retrieved from /opt/airflow/dags/ELT_dag.py
[2022-09-25T14:12:46.859+0000] {logging_mixin.py:117} INFO - [2022-09-25T14:12:46.858+0000] {dag.py:2573} INFO - Sync 1 DAGs
[2022-09-25T14:12:46.886+0000] {logging_mixin.py:117} INFO - [2022-09-25T14:12:46.885+0000] {dag.py:3328} INFO - Setting next_dagrun for ELT_dag to 2022-09-24T00:00:00+00:00, run_after=2022-09-25T00:00:00+00:00
[2022-09-25T14:12:47.068+0000] {processor.py:178} INFO - Processing /opt/airflow/dags/ELT_dag.py took 0.565 seconds
[2022-09-25T14:13:17.131+0000] {processor.py:156} INFO - Started process (PID=545) to work on /opt/airflow/dags/ELT_dag.py
[2022-09-25T14:13:17.186+0000] {processor.py:758} INFO - Processing file /opt/airflow/dags/ELT_dag.py for tasks to queue
[2022-09-25T14:13:17.188+0000] {logging_mixin.py:117} INFO - [2022-09-25T14:13:17.188+0000] {dagbag.py:525} INFO - Filling up the DagBag from /opt/airflow/dags/ELT_dag.py
[2022-09-25T14:13:17.487+0000] {processor.py:768} INFO - DAG(s) dict_keys(['ELT_dag']) retrieved from /opt/airflow/dags/ELT_dag.py
[2022-09-25T14:13:17.633+0000] {logging_mixin.py:117} INFO - [2022-09-25T14:13:17.632+0000] {dag.py:2573} INFO - Sync 1 DAGs
[2022-09-25T14:13:17.667+0000] {logging_mixin.py:117} INFO - [2022-09-25T14:13:17.667+0000] {dag.py:3328} INFO - Setting next_dagrun for ELT_dag to 2022-09-24T00:00:00+00:00, run_after=2022-09-25T00:00:00+00:00
[2022-09-25T14:13:17.779+0000] {processor.py:178} INFO - Processing /opt/airflow/dags/ELT_dag.py took 0.653 seconds
[2022-09-25T14:13:48.046+0000] {processor.py:156} INFO - Started process (PID=565) to work on /opt/airflow/dags/ELT_dag.py
[2022-09-25T14:13:48.047+0000] {processor.py:758} INFO - Processing file /opt/airflow/dags/ELT_dag.py for tasks to queue
[2022-09-25T14:13:48.048+0000] {logging_mixin.py:117} INFO - [2022-09-25T14:13:48.048+0000] {dagbag.py:525} INFO - Filling up the DagBag from /opt/airflow/dags/ELT_dag.py
[2022-09-25T14:13:48.422+0000] {processor.py:768} INFO - DAG(s) dict_keys(['ELT_dag']) retrieved from /opt/airflow/dags/ELT_dag.py
[2022-09-25T14:13:48.534+0000] {logging_mixin.py:117} INFO - [2022-09-25T14:13:48.533+0000] {dag.py:2573} INFO - Sync 1 DAGs
[2022-09-25T14:13:48.562+0000] {logging_mixin.py:117} INFO - [2022-09-25T14:13:48.562+0000] {dag.py:3328} INFO - Setting next_dagrun for ELT_dag to 2022-09-24T00:00:00+00:00, run_after=2022-09-25T00:00:00+00:00
[2022-09-25T14:13:48.618+0000] {processor.py:178} INFO - Processing /opt/airflow/dags/ELT_dag.py took 0.576 seconds
[2022-09-25T14:14:18.703+0000] {processor.py:156} INFO - Started process (PID=594) to work on /opt/airflow/dags/ELT_dag.py
[2022-09-25T14:14:18.704+0000] {processor.py:758} INFO - Processing file /opt/airflow/dags/ELT_dag.py for tasks to queue
[2022-09-25T14:14:18.705+0000] {logging_mixin.py:117} INFO - [2022-09-25T14:14:18.705+0000] {dagbag.py:525} INFO - Filling up the DagBag from /opt/airflow/dags/ELT_dag.py
[2022-09-25T14:14:19.001+0000] {processor.py:768} INFO - DAG(s) dict_keys(['ELT_dag']) retrieved from /opt/airflow/dags/ELT_dag.py
[2022-09-25T14:14:19.047+0000] {logging_mixin.py:117} INFO - [2022-09-25T14:14:19.047+0000] {dag.py:2573} INFO - Sync 1 DAGs
[2022-09-25T14:14:19.077+0000] {logging_mixin.py:117} INFO - [2022-09-25T14:14:19.077+0000] {dag.py:3328} INFO - Setting next_dagrun for ELT_dag to 2022-09-24T00:00:00+00:00, run_after=2022-09-25T00:00:00+00:00
[2022-09-25T14:14:19.156+0000] {processor.py:178} INFO - Processing /opt/airflow/dags/ELT_dag.py took 0.457 seconds
[2022-09-25T14:14:49.357+0000] {processor.py:156} INFO - Started process (PID=623) to work on /opt/airflow/dags/ELT_dag.py
[2022-09-25T14:14:49.383+0000] {processor.py:758} INFO - Processing file /opt/airflow/dags/ELT_dag.py for tasks to queue
[2022-09-25T14:14:49.385+0000] {logging_mixin.py:117} INFO - [2022-09-25T14:14:49.384+0000] {dagbag.py:525} INFO - Filling up the DagBag from /opt/airflow/dags/ELT_dag.py
[2022-09-25T14:14:49.746+0000] {processor.py:768} INFO - DAG(s) dict_keys(['ELT_dag']) retrieved from /opt/airflow/dags/ELT_dag.py
[2022-09-25T14:14:49.791+0000] {logging_mixin.py:117} INFO - [2022-09-25T14:14:49.791+0000] {dag.py:2573} INFO - Sync 1 DAGs
[2022-09-25T14:14:49.823+0000] {logging_mixin.py:117} INFO - [2022-09-25T14:14:49.822+0000] {dag.py:3328} INFO - Setting next_dagrun for ELT_dag to 2022-09-24T00:00:00+00:00, run_after=2022-09-25T00:00:00+00:00
[2022-09-25T14:14:49.876+0000] {processor.py:178} INFO - Processing /opt/airflow/dags/ELT_dag.py took 0.523 seconds
[2022-09-25T14:15:20.066+0000] {processor.py:156} INFO - Started process (PID=643) to work on /opt/airflow/dags/ELT_dag.py
[2022-09-25T14:15:20.067+0000] {processor.py:758} INFO - Processing file /opt/airflow/dags/ELT_dag.py for tasks to queue
[2022-09-25T14:15:20.068+0000] {logging_mixin.py:117} INFO - [2022-09-25T14:15:20.068+0000] {dagbag.py:525} INFO - Filling up the DagBag from /opt/airflow/dags/ELT_dag.py
[2022-09-25T14:15:20.394+0000] {processor.py:768} INFO - DAG(s) dict_keys(['ELT_dag']) retrieved from /opt/airflow/dags/ELT_dag.py
[2022-09-25T14:15:20.434+0000] {logging_mixin.py:117} INFO - [2022-09-25T14:15:20.434+0000] {dag.py:2573} INFO - Sync 1 DAGs
[2022-09-25T14:15:20.460+0000] {logging_mixin.py:117} INFO - [2022-09-25T14:15:20.460+0000] {dag.py:3328} INFO - Setting next_dagrun for ELT_dag to 2022-09-24T00:00:00+00:00, run_after=2022-09-25T00:00:00+00:00
[2022-09-25T14:15:20.529+0000] {processor.py:178} INFO - Processing /opt/airflow/dags/ELT_dag.py took 0.466 seconds
[2022-09-25T14:15:50.759+0000] {processor.py:156} INFO - Started process (PID=672) to work on /opt/airflow/dags/ELT_dag.py
[2022-09-25T14:15:50.783+0000] {processor.py:758} INFO - Processing file /opt/airflow/dags/ELT_dag.py for tasks to queue
[2022-09-25T14:15:50.784+0000] {logging_mixin.py:117} INFO - [2022-09-25T14:15:50.784+0000] {dagbag.py:525} INFO - Filling up the DagBag from /opt/airflow/dags/ELT_dag.py
[2022-09-25T14:15:51.311+0000] {processor.py:768} INFO - DAG(s) dict_keys(['ELT_dag']) retrieved from /opt/airflow/dags/ELT_dag.py
[2022-09-25T14:15:51.414+0000] {logging_mixin.py:117} INFO - [2022-09-25T14:15:51.414+0000] {dag.py:2573} INFO - Sync 1 DAGs
[2022-09-25T14:15:51.509+0000] {logging_mixin.py:117} INFO - [2022-09-25T14:15:51.509+0000] {dag.py:3328} INFO - Setting next_dagrun for ELT_dag to 2022-09-25T00:00:00+00:00, run_after=2022-09-26T00:00:00+00:00
[2022-09-25T14:15:51.629+0000] {processor.py:178} INFO - Processing /opt/airflow/dags/ELT_dag.py took 0.874 seconds
[2022-09-25T14:16:22.278+0000] {processor.py:156} INFO - Started process (PID=695) to work on /opt/airflow/dags/ELT_dag.py
[2022-09-25T14:16:22.406+0000] {processor.py:758} INFO - Processing file /opt/airflow/dags/ELT_dag.py for tasks to queue
[2022-09-25T14:16:22.408+0000] {logging_mixin.py:117} INFO - [2022-09-25T14:16:22.407+0000] {dagbag.py:525} INFO - Filling up the DagBag from /opt/airflow/dags/ELT_dag.py
[2022-09-25T14:17:10.794+0000] {processor.py:768} INFO - DAG(s) dict_keys(['ELT_dag']) retrieved from /opt/airflow/dags/ELT_dag.py
[2022-09-25T14:17:11.153+0000] {logging_mixin.py:117} INFO - [2022-09-25T14:17:11.152+0000] {dag.py:2573} INFO - Sync 1 DAGs
[2022-09-25T14:17:11.198+0000] {logging_mixin.py:117} INFO - [2022-09-25T14:17:11.198+0000] {dag.py:3328} INFO - Setting next_dagrun for ELT_dag to 2022-09-25T00:00:00+00:00, run_after=2022-09-26T00:00:00+00:00
[2022-09-25T14:17:11.421+0000] {processor.py:178} INFO - Processing /opt/airflow/dags/ELT_dag.py took 49.154 seconds
[2022-09-25T14:17:22.652+0000] {processor.py:156} INFO - Started process (PID=698) to work on /opt/airflow/dags/ELT_dag.py
[2022-09-25T14:17:22.654+0000] {processor.py:758} INFO - Processing file /opt/airflow/dags/ELT_dag.py for tasks to queue
[2022-09-25T14:17:22.655+0000] {logging_mixin.py:117} INFO - [2022-09-25T14:17:22.655+0000] {dagbag.py:525} INFO - Filling up the DagBag from /opt/airflow/dags/ELT_dag.py
[2022-09-25T14:17:23.115+0000] {processor.py:768} INFO - DAG(s) dict_keys(['ELT_dag']) retrieved from /opt/airflow/dags/ELT_dag.py
[2022-09-25T14:17:31.627+0000] {logging_mixin.py:117} WARNING - /home/airflow/.local/lib/python3.7/site-packages/airflow/utils/email.py:120 RemovedInAirflow3Warning: Fetching SMTP credentials from configuration variables will be deprecated in a future release. Please set credentials using a connection instead.
[2022-09-25T14:17:31.629+0000] {logging_mixin.py:117} INFO - [2022-09-25T14:17:31.629+0000] {configuration.py:569} WARNING - section/key [smtp/smtp_user] not found in config
[2022-09-25T14:17:31.630+0000] {logging_mixin.py:117} INFO - [2022-09-25T14:17:31.630+0000] {email.py:229} INFO - Email alerting: attempt 1
[2022-09-25T14:17:32.206+0000] {logging_mixin.py:117} INFO - [2022-09-25T14:17:32.205+0000] {configuration.py:569} WARNING - section/key [smtp/smtp_user] not found in config
[2022-09-25T14:17:32.207+0000] {logging_mixin.py:117} INFO - [2022-09-25T14:17:32.207+0000] {email.py:229} INFO - Email alerting: attempt 1
[2022-09-25T14:17:32.934+0000] {processor.py:727} INFO - Executed failure callback for <TaskInstance: ELT_dag.create_table manual__2022-09-25T14:15:45.328532+00:00 [up_for_retry]> in state up_for_retry
[2022-09-25T14:17:33.255+0000] {logging_mixin.py:117} INFO - [2022-09-25T14:17:33.254+0000] {dag.py:2573} INFO - Sync 1 DAGs
[2022-09-25T14:17:33.335+0000] {logging_mixin.py:117} INFO - [2022-09-25T14:17:33.335+0000] {dag.py:3328} INFO - Setting next_dagrun for ELT_dag to 2022-09-25T00:00:00+00:00, run_after=2022-09-26T00:00:00+00:00
[2022-09-25T14:17:33.611+0000] {processor.py:178} INFO - Processing /opt/airflow/dags/ELT_dag.py took 11.022 seconds
[2022-09-25T14:17:42.425+0000] {processor.py:156} INFO - Started process (PID=718) to work on /opt/airflow/dags/ELT_dag.py
[2022-09-25T14:17:42.427+0000] {processor.py:758} INFO - Processing file /opt/airflow/dags/ELT_dag.py for tasks to queue
[2022-09-25T14:17:42.428+0000] {logging_mixin.py:117} INFO - [2022-09-25T14:17:42.428+0000] {dagbag.py:525} INFO - Filling up the DagBag from /opt/airflow/dags/ELT_dag.py
[2022-09-25T14:17:42.740+0000] {processor.py:768} INFO - DAG(s) dict_keys(['ELT_dag']) retrieved from /opt/airflow/dags/ELT_dag.py
[2022-09-25T14:17:43.067+0000] {logging_mixin.py:117} WARNING - /home/airflow/.local/lib/python3.7/site-packages/airflow/utils/email.py:120 RemovedInAirflow3Warning: Fetching SMTP credentials from configuration variables will be deprecated in a future release. Please set credentials using a connection instead.
[2022-09-25T14:17:43.077+0000] {logging_mixin.py:117} INFO - [2022-09-25T14:17:43.076+0000] {configuration.py:569} WARNING - section/key [smtp/smtp_user] not found in config
[2022-09-25T14:17:43.077+0000] {logging_mixin.py:117} INFO - [2022-09-25T14:17:43.077+0000] {email.py:229} INFO - Email alerting: attempt 1
[2022-09-25T14:17:43.082+0000] {logging_mixin.py:117} INFO - [2022-09-25T14:17:43.082+0000] {configuration.py:569} WARNING - section/key [smtp/smtp_user] not found in config
[2022-09-25T14:17:43.082+0000] {logging_mixin.py:117} INFO - [2022-09-25T14:17:43.082+0000] {email.py:229} INFO - Email alerting: attempt 1
[2022-09-25T14:17:43.096+0000] {processor.py:727} INFO - Executed failure callback for <TaskInstance: ELT_dag.create_table scheduled__2022-09-24T00:00:00+00:00 [up_for_retry]> in state up_for_retry
[2022-09-25T14:17:43.286+0000] {logging_mixin.py:117} INFO - [2022-09-25T14:17:43.286+0000] {configuration.py:569} WARNING - section/key [smtp/smtp_user] not found in config
[2022-09-25T14:17:43.287+0000] {logging_mixin.py:117} INFO - [2022-09-25T14:17:43.287+0000] {email.py:229} INFO - Email alerting: attempt 1
[2022-09-25T14:17:43.292+0000] {logging_mixin.py:117} INFO - [2022-09-25T14:17:43.292+0000] {configuration.py:569} WARNING - section/key [smtp/smtp_user] not found in config
[2022-09-25T14:17:43.292+0000] {logging_mixin.py:117} INFO - [2022-09-25T14:17:43.292+0000] {email.py:229} INFO - Email alerting: attempt 1
[2022-09-25T14:17:43.299+0000] {processor.py:727} INFO - Executed failure callback for <TaskInstance: ELT_dag.create_table manual__2022-09-25T14:15:45.328532+00:00 [failed]> in state failed
[2022-09-25T14:17:43.413+0000] {logging_mixin.py:117} WARNING - /home/airflow/.local/lib/python3.7/site-packages/airflow/utils/email.py:120 RemovedInAirflow3Warning: Fetching SMTP credentials from configuration variables will be deprecated in a future release. Please set credentials using a connection instead.
[2022-09-25T14:17:43.414+0000] {logging_mixin.py:117} INFO - [2022-09-25T14:17:43.414+0000] {configuration.py:569} WARNING - section/key [smtp/smtp_user] not found in config
[2022-09-25T14:17:43.414+0000] {logging_mixin.py:117} INFO - [2022-09-25T14:17:43.414+0000] {email.py:229} INFO - Email alerting: attempt 1
[2022-09-25T14:17:43.443+0000] {logging_mixin.py:117} INFO - [2022-09-25T14:17:43.442+0000] {configuration.py:569} WARNING - section/key [smtp/smtp_user] not found in config
[2022-09-25T14:17:43.443+0000] {logging_mixin.py:117} INFO - [2022-09-25T14:17:43.443+0000] {email.py:229} INFO - Email alerting: attempt 1
[2022-09-25T14:17:43.449+0000] {processor.py:727} INFO - Executed failure callback for <TaskInstance: ELT_dag.create_table scheduled__2022-09-24T00:00:00+00:00 [failed]> in state failed
[2022-09-25T14:17:43.598+0000] {logging_mixin.py:117} WARNING - /home/airflow/.local/lib/python3.7/site-packages/airflow/utils/email.py:120 RemovedInAirflow3Warning: Fetching SMTP credentials from configuration variables will be deprecated in a future release. Please set credentials using a connection instead.
[2022-09-25T14:17:43.599+0000] {logging_mixin.py:117} INFO - [2022-09-25T14:17:43.598+0000] {configuration.py:569} WARNING - section/key [smtp/smtp_user] not found in config
[2022-09-25T14:17:43.599+0000] {logging_mixin.py:117} INFO - [2022-09-25T14:17:43.599+0000] {email.py:229} INFO - Email alerting: attempt 1
[2022-09-25T14:17:43.608+0000] {logging_mixin.py:117} INFO - [2022-09-25T14:17:43.608+0000] {configuration.py:569} WARNING - section/key [smtp/smtp_user] not found in config
[2022-09-25T14:17:43.610+0000] {logging_mixin.py:117} INFO - [2022-09-25T14:17:43.609+0000] {email.py:229} INFO - Email alerting: attempt 1
[2022-09-25T14:17:43.622+0000] {processor.py:727} INFO - Executed failure callback for <TaskInstance: ELT_dag.create_table scheduled__2022-09-24T00:00:00+00:00 [failed]> in state failed
[2022-09-25T14:17:43.847+0000] {logging_mixin.py:117} INFO - [2022-09-25T14:17:43.847+0000] {dag.py:2573} INFO - Sync 1 DAGs
[2022-09-25T14:17:43.872+0000] {logging_mixin.py:117} INFO - [2022-09-25T14:17:43.872+0000] {dag.py:3328} INFO - Setting next_dagrun for ELT_dag to 2022-09-25T00:00:00+00:00, run_after=2022-09-26T00:00:00+00:00
[2022-09-25T14:17:44.090+0000] {processor.py:178} INFO - Processing /opt/airflow/dags/ELT_dag.py took 1.669 seconds
[2022-09-25T14:18:14.314+0000] {processor.py:156} INFO - Started process (PID=738) to work on /opt/airflow/dags/ELT_dag.py
[2022-09-25T14:18:14.315+0000] {processor.py:758} INFO - Processing file /opt/airflow/dags/ELT_dag.py for tasks to queue
[2022-09-25T14:18:14.316+0000] {logging_mixin.py:117} INFO - [2022-09-25T14:18:14.316+0000] {dagbag.py:525} INFO - Filling up the DagBag from /opt/airflow/dags/ELT_dag.py
[2022-09-25T14:18:14.659+0000] {processor.py:768} INFO - DAG(s) dict_keys(['ELT_dag']) retrieved from /opt/airflow/dags/ELT_dag.py
[2022-09-25T14:18:14.708+0000] {logging_mixin.py:117} INFO - [2022-09-25T14:18:14.707+0000] {dag.py:2573} INFO - Sync 1 DAGs
[2022-09-25T14:18:14.753+0000] {logging_mixin.py:117} INFO - [2022-09-25T14:18:14.752+0000] {dag.py:3328} INFO - Setting next_dagrun for ELT_dag to 2022-09-25T00:00:00+00:00, run_after=2022-09-26T00:00:00+00:00
[2022-09-25T14:18:14.819+0000] {processor.py:178} INFO - Processing /opt/airflow/dags/ELT_dag.py took 0.509 seconds
