

============================== 2022-09-23 19:39:53.302671 | abdd6133-71d9-4987-8b73-f4047de9fa9e ==============================
[0m19:39:53.302687 [info ] [MainThread]: Running with dbt=1.2.1
[0m19:39:53.303150 [debug] [MainThread]: running dbt with arguments {'write_json': True, 'use_colors': True, 'printer_width': 80, 'version_check': True, 'partial_parse': True, 'static_parser': True, 'profiles_dir': '/root/.dbt', 'send_anonymous_usage_stats': True, 'event_buffer_size': 100000, 'quiet': False, 'no_print': False, 'project_name': 'dbt', 'skip_profile_setup': False, 'which': 'init', 'indirect_selection': 'eager'}
[0m19:39:53.303381 [debug] [MainThread]: Tracking: tracking
[0m19:39:53.304797 [debug] [MainThread]: Sending event: {'category': 'dbt', 'action': 'invocation', 'label': 'start', 'context': [<snowplow_tracker.self_describing_json.SelfDescribingJson object at 0x7f3671745990>, <snowplow_tracker.self_describing_json.SelfDescribingJson object at 0x7f3671745510>, <snowplow_tracker.self_describing_json.SelfDescribingJson object at 0x7f36717456c0>]}
[0m19:39:53.305242 [info ] [MainThread]: Creating dbt configuration folder at /root/.dbt
[0m19:39:53.306504 [info ] [MainThread]: A project called dbt already exists here.
[0m19:39:53.306830 [debug] [MainThread]: Sending event: {'category': 'dbt', 'action': 'invocation', 'label': 'end', 'context': [<snowplow_tracker.self_describing_json.SelfDescribingJson object at 0x7f36717450c0>, <snowplow_tracker.self_describing_json.SelfDescribingJson object at 0x7f36717451b0>, <snowplow_tracker.self_describing_json.SelfDescribingJson object at 0x7f36717455d0>]}
[0m19:39:53.307175 [debug] [MainThread]: Flushing usage events


============================== 2022-09-23 19:43:45.487407 | abaa82a8-c4bd-420a-89a6-29ddb93e1d06 ==============================
[0m19:43:45.487416 [info ] [MainThread]: Running with dbt=1.2.1
[0m19:43:45.487757 [debug] [MainThread]: running dbt with arguments {'write_json': True, 'use_colors': True, 'printer_width': 80, 'version_check': True, 'partial_parse': True, 'static_parser': True, 'profiles_dir': '/root/.dbt', 'send_anonymous_usage_stats': True, 'event_buffer_size': 100000, 'quiet': False, 'no_print': False, 'project_name': 'dbt_pro', 'skip_profile_setup': False, 'which': 'init', 'indirect_selection': 'eager'}
[0m19:43:45.488151 [debug] [MainThread]: Tracking: tracking
[0m19:43:45.489695 [debug] [MainThread]: Sending event: {'category': 'dbt', 'action': 'invocation', 'label': 'start', 'context': [<snowplow_tracker.self_describing_json.SelfDescribingJson object at 0x7f50a874d990>, <snowplow_tracker.self_describing_json.SelfDescribingJson object at 0x7f50a874d600>, <snowplow_tracker.self_describing_json.SelfDescribingJson object at 0x7f50a874d780>]}
[0m19:43:45.490413 [debug] [MainThread]: Starter project path: /root/my_env/dbt-env/lib/python3.10/site-packages/dbt/include/starter_project
[0m19:43:53.444034 [info ] [MainThread]: Profile dbt_pro written to /root/.dbt/profiles.yml using target's sample configuration. Once updated, you'll be able to start developing with dbt.
[0m19:43:53.444451 [info ] [MainThread]: 
Your new dbt project "dbt_pro" was created!

For more information on how to configure the profiles.yml file,
please consult the dbt documentation here:

  https://docs.getdbt.com/docs/configure-your-profile

One more thing:

Need help? Don't hesitate to reach out to us via GitHub issues or on Slack:

  https://community.getdbt.com/

Happy modeling!

[0m19:43:53.445117 [debug] [MainThread]: Sending event: {'category': 'dbt', 'action': 'invocation', 'label': 'end', 'context': [<snowplow_tracker.self_describing_json.SelfDescribingJson object at 0x7f50a83159f0>, <snowplow_tracker.self_describing_json.SelfDescribingJson object at 0x7f50a8e29090>, <snowplow_tracker.self_describing_json.SelfDescribingJson object at 0x7f50a8e288b0>]}
[0m19:43:53.445650 [debug] [MainThread]: Flushing usage events
